#
# There is insufficient memory for the Java Runtime Environment to continue.
# Native memory allocation (malloc) failed to allocate 1048576 bytes for AllocateHeap
# Possible reasons:
#   The system is out of physical RAM or swap space
#   The process is running with CompressedOops enabled, and the Java Heap may be blocking the growth of the native heap
# Possible solutions:
#   Reduce memory load on the system
#   Increase physical memory or swap space
#   Check if swap backing store is full
#   Decrease Java heap size (-Xmx/-Xms)
#   Decrease number of Java threads
#   Decrease Java thread stack sizes (-Xss)
#   Set larger code cache with -XX:ReservedCodeCacheSize=
#   JVM is running with Unscaled Compressed Oops mode in which the Java heap is
#     placed in the first 4GB address space. The Java Heap base address is the
#     maximum limit for the native heap growth. Please use -XX:HeapBaseMinAddress
#     to set the Java Heap base and to place the Java Heap above 4GB virtual address.
# This output file may be truncated or incomplete.
#
#  Out of Memory Error (allocation.cpp:44), pid=18648, tid=8584
#
# JRE version: OpenJDK Runtime Environment Temurin-17.0.8.1+1 (17.0.8.1+1) (build 17.0.8.1+1)
# Java VM: OpenJDK 64-Bit Server VM Temurin-17.0.8.1+1 (17.0.8.1+1, mixed mode, emulated-client, sharing, tiered, compressed oops, compressed class ptrs, g1 gc, windows-amd64)
# No core dump will be written. Minidumps are not enabled by default on client versions of Windows
#

---------------  S U M M A R Y ------------

Command Line: -Dcom.sun.management.jmxremote -Dcom.sun.management.jmxremote.port=63686 -Dcom.sun.management.jmxremote.authenticate=false -Dcom.sun.management.jmxremote.ssl=false -Djava.rmi.server.hostname=localhost -Dspring.jmx.enabled=true -Dmanagement.endpoints.jmx.exposure.include=* -Dspring.application.admin.enabled=true -Dspring.output.ansi.enabled=always -XX:TieredStopAtLevel=1 -Dspring.boot.project.name=AgroValue_Connect-backend -Dfile.encoding=UTF-8 -Dstdout.encoding=UTF-8 -Dstderr.encoding=UTF-8 -XX:+ShowCodeDetailsInExceptionMessages com.agrovalue.backend.AgroValueConnectBackendApplication

Host: AMD Ryzen 5 3500U with Radeon Vega Mobile Gfx  , 8 cores, 3G,  Windows 11 , 64 bit Build 26100 (10.0.26100.7920)
Time: Wed Apr  8 20:26:02 2026 India Standard Time elapsed time: 512.796572 seconds (0d 0h 8m 32s)

---------------  T H R E A D  ---------------

Current thread (0x000002024cb45520):  VMThread "VM Thread" [stack: 0x0000001745700000,0x0000001745800000] [id=8584]

Stack: [0x0000001745700000,0x0000001745800000]
Native frames: (J=compiled Java code, j=interpreted, Vv=VM code, C=native code)
V  [jvm.dll+0x678b0a]
V  [jvm.dll+0x835e84]
V  [jvm.dll+0x83762e]
V  [jvm.dll+0x837c93]
V  [jvm.dll+0x24746f]
V  [jvm.dll+0xa697b]
V  [jvm.dll+0x2f7eb3]
V  [jvm.dll+0x2f3b80]
V  [jvm.dll+0x2dc1c7]
V  [jvm.dll+0x31f227]
V  [jvm.dll+0x83c15b]
V  [jvm.dll+0x83ce94]
V  [jvm.dll+0x83d3ac]
V  [jvm.dll+0x83d784]
V  [jvm.dll+0x83d850]
V  [jvm.dll+0x7e64ca]
V  [jvm.dll+0x677955]
C  [ucrtbase.dll+0x37b0]
C  [KERNEL32.DLL+0x2e8d7]
C  [ntdll.dll+0x8c48c]

VM_Operation (0x0000001744efedc0): G1CollectFull, mode: safepoint, requested by thread 0x0000020294785ed0


---------------  P R O C E S S  ---------------

Threads class SMR info:
_java_thread_list=0x00000202953e08a0, length=22, elements={
0x000002024cb48310, 0x000002024cb4b590, 0x000002024cb60e30, 0x000002024cb63710,
0x000002024cb64780, 0x000002024cb65050, 0x000002024cb6eaf0, 0x000002024cb71bb0,
0x000002024cbde3d0, 0x00000202920af180, 0x000002029273b620, 0x000002029272d4a0,
0x00000202927af970, 0x00000202928721a0, 0x0000020292a55170, 0x000002029437b250,
0x000002029437ad40, 0x000002029437b760, 0x000002029437bc70, 0x00000202943793f0,
0x0000020294786e00, 0x0000020294785ed0
}

Java Threads: ( => current thread )
  0x000002024cb48310 JavaThread "Reference Handler" daemon [_thread_blocked, id=19408, stack(0x0000001745800000,0x0000001745900000)]
  0x000002024cb4b590 JavaThread "Finalizer" daemon [_thread_blocked, id=7100, stack(0x0000001745900000,0x0000001745a00000)]
  0x000002024cb60e30 JavaThread "Signal Dispatcher" daemon [_thread_blocked, id=17728, stack(0x0000001745a00000,0x0000001745b00000)]
  0x000002024cb63710 JavaThread "Attach Listener" daemon [_thread_blocked, id=13244, stack(0x0000001745b00000,0x0000001745c00000)]
  0x000002024cb64780 JavaThread "Service Thread" daemon [_thread_blocked, id=9416, stack(0x0000001745c00000,0x0000001745d00000)]
  0x000002024cb65050 JavaThread "Monitor Deflation Thread" daemon [_thread_blocked, id=18924, stack(0x0000001745d00000,0x0000001745e00000)]
  0x000002024cb6eaf0 JavaThread "C1 CompilerThread0" daemon [_thread_blocked, id=8196, stack(0x0000001745e00000,0x0000001745f00000)]
  0x000002024cb71bb0 JavaThread "Sweeper thread" daemon [_thread_blocked, id=10876, stack(0x0000001745f00000,0x0000001746000000)]
  0x000002024cbde3d0 JavaThread "Common-Cleaner" daemon [_thread_blocked, id=14448, stack(0x0000001746000000,0x0000001746100000)]
  0x00000202920af180 JavaThread "Notification Thread" daemon [_thread_blocked, id=7300, stack(0x0000001746100000,0x0000001746200000)]
  0x000002029273b620 JavaThread "RMI TCP Accept-0" daemon [_thread_in_native, id=5836, stack(0x0000001746200000,0x0000001746300000)]
  0x000002029272d4a0 JavaThread "RMI TCP Accept-63686" daemon [_thread_in_native, id=19188, stack(0x0000001746300000,0x0000001746400000)]
  0x00000202927af970 JavaThread "RMI TCP Accept-0" daemon [_thread_in_native, id=15300, stack(0x0000001746400000,0x0000001746500000)]
  0x00000202928721a0 JavaThread "RMI Scheduler(0)" daemon [_thread_blocked, id=11308, stack(0x0000001746700000,0x0000001746800000)]
  0x0000020292a55170 JavaThread "mysql-cj-abandoned-connection-cleanup" daemon [_thread_blocked, id=11236, stack(0x0000001747500000,0x0000001747600000)]
  0x000002029437b250 JavaThread "HttpClient-1-SelectorManager" daemon [_thread_blocked, id=2312, stack(0x0000001747b00000,0x0000001747c00000)]
  0x000002029437ad40 JavaThread "HttpClient-2-SelectorManager" daemon [_thread_in_native, id=11372, stack(0x0000001747f00000,0x0000001748000000)]
  0x000002029437b760 JavaThread "HttpClient-3-SelectorManager" daemon [_thread_in_native, id=16148, stack(0x0000001748000000,0x0000001748100000)]
  0x000002029437bc70 JavaThread "HttpClient-4-SelectorManager" daemon [_thread_in_native, id=6752, stack(0x0000001748100000,0x0000001748200000)]
  0x00000202943793f0 JavaThread "HttpClient-5-SelectorManager" daemon [_thread_blocked, id=9852, stack(0x0000001748200000,0x0000001748300000)]
  0x0000020294786e00 JavaThread "DestroyJavaVM" [_thread_blocked, id=14688, stack(0x0000001745100000,0x0000001745200000)]
  0x0000020294785ed0 JavaThread "Thread-1" [_thread_blocked, id=18544, stack(0x0000001744e00000,0x0000001744f00000)]

Other Threads:
=>0x000002024cb45520 VMThread "VM Thread" [stack: 0x0000001745700000,0x0000001745800000] [id=8584]
  0x0000020292723630 WatcherThread [stack: 0x0000001746500000,0x0000001746600000] [id=3648]
  0x000002023e03ba60 GCTaskThread "GC Thread#0" [stack: 0x0000001745200000,0x0000001745300000] [id=15756]
  0x0000020292a9a270 GCTaskThread "GC Thread#1" [stack: 0x0000001746a00000,0x0000001746b00000] [id=2828]
  0x0000020292a9a930 GCTaskThread "GC Thread#2" [stack: 0x0000001746b00000,0x0000001746c00000] [id=17448]
  0x0000020292a9abf0 GCTaskThread "GC Thread#3" [stack: 0x0000001746c00000,0x0000001746d00000] [id=2764]
  0x0000020292ad8bc0 GCTaskThread "GC Thread#4" [stack: 0x0000001746d00000,0x0000001746e00000] [id=5384]
  0x0000020292ad9280 GCTaskThread "GC Thread#5" [stack: 0x0000001746e00000,0x0000001746f00000] [id=8072]
  0x0000020292ad9540 GCTaskThread "GC Thread#6" [stack: 0x0000001746f00000,0x0000001747000000] [id=10432]
  0x0000020292ae3c20 GCTaskThread "GC Thread#7" [stack: 0x0000001747000000,0x0000001747100000] [id=6732]
  0x000002023e044970 ConcurrentGCThread "G1 Main Marker" [stack: 0x0000001745300000,0x0000001745400000] [id=1692]
  0x000002023e046700 ConcurrentGCThread "G1 Conc#0" [stack: 0x0000001745400000,0x0000001745500000] [id=4524]
  0x00000202931e3db0 ConcurrentGCThread "G1 Conc#1" [stack: 0x0000001747700000,0x0000001747800000] [id=8972]
  0x000002023e09e990 ConcurrentGCThread "G1 Refine#0" [stack: 0x0000001745500000,0x0000001745600000] [id=1644]
  0x0000020292ac8de0 ConcurrentGCThread "G1 Refine#1" [stack: 0x0000001747100000,0x0000001747200000] [id=16416]
  0x0000020292ac6860 ConcurrentGCThread "G1 Refine#2" [stack: 0x0000001747200000,0x0000001747300000] [id=18460]
  0x000002023e09ec80 ConcurrentGCThread "G1 Service" [stack: 0x0000001745600000,0x0000001745700000] [id=17068]

Threads with active compile tasks:
C1 CompilerThread0   512909 8669  s    1       org.apache.catalina.util.LifecycleBase::setStateInternal (144 bytes)

VM state: at safepoint (normal execution)

VM Mutex/Monitor currently owned by a thread:  ([mutex/lock_event])
[0x000002023dffe6a0] Threads_lock - owner thread: 0x000002024cb45520
[0x000002023dffd4a0] Heap_lock - owner thread: 0x0000020294785ed0

Heap address: 0x00000000c9e00000, size: 866 MB, Compressed Oops mode: 32-bit

CDS archive(s) mapped at: [0x000002024d000000-0x000002024da60000-0x000002024da60000), size 10878976, SharedBaseAddress: 0x000002024d000000, ArchiveRelocationMode: 1.
Compressed class space mapped at: 0x000002024e000000-0x000002028e000000, reserved size: 1073741824
Narrow klass base: 0x000002024d000000, Narrow klass shift: 0, Narrow klass range: 0x100000000

GC Precious Log:
 CPUs: 8 total, 8 available
 Memory: 3460M
 Large Page Support: Disabled
 NUMA Support: Disabled
 Compressed Oops: Enabled (32-bit)
 Heap Region Size: 1M
 Heap Min Capacity: 8M
 Heap Initial Capacity: 56M
 Heap Max Capacity: 866M
 Pre-touch: Disabled
 Parallel Workers: 8
 Concurrent Workers: 2
 Concurrent Refinement Workers: 8
 Periodic GC: Disabled

Heap:
 garbage-first heap   total 280576K, used 173916K [0x00000000c9e00000, 0x0000000100000000)
  region size 1024K, 110 young (112640K), 11 survivors (11264K)
 Metaspace       used 95708K, committed 96512K, reserved 1179648K
  class space    used 14254K, committed 14656K, reserved 1048576K

Heap Regions: E=young(eden), S=young(survivor), O=old, HS=humongous(starts), HC=humongous(continues), CS=collection set, F=free, OA=open archive, CA=closed archive, TAMS=top-at-mark-start (previous, next)
|   0|0x00000000c9e00000, 0x00000000c9f00000, 0x00000000c9f00000|100%|HS|  |TAMS 0x00000000c9f00000, 0x00000000c9e00000| Complete 
|   1|0x00000000c9f00000, 0x00000000ca000000, 0x00000000ca000000|100%|HS|  |TAMS 0x00000000ca000000, 0x00000000c9f00000| Complete 
|   2|0x00000000ca000000, 0x00000000ca100000, 0x00000000ca100000|100%| O|  |TAMS 0x00000000ca100000, 0x00000000ca000000| Untracked 
|   3|0x00000000ca100000, 0x00000000ca200000, 0x00000000ca200000|100%| O|  |TAMS 0x00000000ca200000, 0x00000000ca100000| Untracked 
|   4|0x00000000ca200000, 0x00000000ca300000, 0x00000000ca300000|100%| O|  |TAMS 0x00000000ca300000, 0x00000000ca200000| Untracked 
|   5|0x00000000ca300000, 0x00000000ca400000, 0x00000000ca400000|100%| O|  |TAMS 0x00000000ca400000, 0x00000000ca300000| Untracked 
|   6|0x00000000ca400000, 0x00000000ca500000, 0x00000000ca500000|100%| O|  |TAMS 0x00000000ca500000, 0x00000000ca400000| Untracked 
|   7|0x00000000ca500000, 0x00000000ca600000, 0x00000000ca600000|100%| O|  |TAMS 0x00000000ca600000, 0x00000000ca500000| Untracked 
|   8|0x00000000ca600000, 0x00000000ca700000, 0x00000000ca700000|100%| O|  |TAMS 0x00000000ca700000, 0x00000000ca600000| Untracked 
|   9|0x00000000ca700000, 0x00000000ca800000, 0x00000000ca800000|100%| O|  |TAMS 0x00000000ca800000, 0x00000000ca700000| Untracked 
|  10|0x00000000ca800000, 0x00000000ca900000, 0x00000000ca900000|100%| O|  |TAMS 0x00000000ca900000, 0x00000000ca800000| Untracked 
|  11|0x00000000ca900000, 0x00000000caa00000, 0x00000000caa00000|100%| O|  |TAMS 0x00000000caa00000, 0x00000000ca900000| Untracked 
|  12|0x00000000caa00000, 0x00000000cab00000, 0x00000000cab00000|100%| O|  |TAMS 0x00000000cab00000, 0x00000000caa00000| Untracked 
|  13|0x00000000cab00000, 0x00000000cac00000, 0x00000000cac00000|100%| O|  |TAMS 0x00000000cac00000, 0x00000000cab00000| Untracked 
|  14|0x00000000cac00000, 0x00000000cad00000, 0x00000000cad00000|100%| O|  |TAMS 0x00000000cad00000, 0x00000000cac00000| Untracked 
|  15|0x00000000cad00000, 0x00000000cae00000, 0x00000000cae00000|100%| O|  |TAMS 0x00000000cae00000, 0x00000000cad00000| Untracked 
|  16|0x00000000cae00000, 0x00000000caf00000, 0x00000000caf00000|100%| O|  |TAMS 0x00000000caf00000, 0x00000000cae00000| Untracked 
|  17|0x00000000caf00000, 0x00000000cb000000, 0x00000000cb000000|100%| O|  |TAMS 0x00000000cb000000, 0x00000000caf00000| Untracked 
|  18|0x00000000cb000000, 0x00000000cb100000, 0x00000000cb100000|100%| O|  |TAMS 0x00000000cb100000, 0x00000000cb000000| Untracked 
|  19|0x00000000cb100000, 0x00000000cb200000, 0x00000000cb200000|100%| O|  |TAMS 0x00000000cb200000, 0x00000000cb100000| Untracked 
|  20|0x00000000cb200000, 0x00000000cb300000, 0x00000000cb300000|100%| O|  |TAMS 0x00000000cb300000, 0x00000000cb200000| Untracked 
|  21|0x00000000cb300000, 0x00000000cb400000, 0x00000000cb400000|100%| O|  |TAMS 0x00000000cb400000, 0x00000000cb300000| Untracked 
|  22|0x00000000cb400000, 0x00000000cb500000, 0x00000000cb500000|100%| O|  |TAMS 0x00000000cb500000, 0x00000000cb400000| Untracked 
|  23|0x00000000cb500000, 0x00000000cb600000, 0x00000000cb600000|100%| O|  |TAMS 0x00000000cb600000, 0x00000000cb500000| Untracked 
|  24|0x00000000cb600000, 0x00000000cb700000, 0x00000000cb700000|100%| O|  |TAMS 0x00000000cb700000, 0x00000000cb600000| Untracked 
|  25|0x00000000cb700000, 0x00000000cb800000, 0x00000000cb800000|100%| O|  |TAMS 0x00000000cb800000, 0x00000000cb700000| Untracked 
|  26|0x00000000cb800000, 0x00000000cb900000, 0x00000000cb900000|100%| O|  |TAMS 0x00000000cb900000, 0x00000000cb800000| Untracked 
|  27|0x00000000cb900000, 0x00000000cba00000, 0x00000000cba00000|100%| O|  |TAMS 0x00000000cba00000, 0x00000000cb900000| Untracked 
|  28|0x00000000cba00000, 0x00000000cbb00000, 0x00000000cbb00000|100%| O|  |TAMS 0x00000000cbb00000, 0x00000000cba00000| Untracked 
|  29|0x00000000cbb00000, 0x00000000cbc00000, 0x00000000cbc00000|100%| O|  |TAMS 0x00000000cbc00000, 0x00000000cbb00000| Untracked 
|  30|0x00000000cbc00000, 0x00000000cbd00000, 0x00000000cbd00000|100%| O|  |TAMS 0x00000000cbd00000, 0x00000000cbc00000| Untracked 
|  31|0x00000000cbd00000, 0x00000000cbe00000, 0x00000000cbe00000|100%| O|  |TAMS 0x00000000cbe00000, 0x00000000cbd00000| Untracked 
|  32|0x00000000cbe00000, 0x00000000cbf00000, 0x00000000cbf00000|100%| O|  |TAMS 0x00000000cbf00000, 0x00000000cbe00000| Untracked 
|  33|0x00000000cbf00000, 0x00000000cc000000, 0x00000000cc000000|100%| O|  |TAMS 0x00000000cc000000, 0x00000000cbf00000| Untracked 
|  34|0x00000000cc000000, 0x00000000cc100000, 0x00000000cc100000|100%| O|  |TAMS 0x00000000cc100000, 0x00000000cc000000| Untracked 
|  35|0x00000000cc100000, 0x00000000cc200000, 0x00000000cc200000|100%| O|  |TAMS 0x00000000cc200000, 0x00000000cc100000| Untracked 
|  36|0x00000000cc200000, 0x00000000cc300000, 0x00000000cc300000|100%| O|  |TAMS 0x00000000cc300000, 0x00000000cc200000| Untracked 
|  37|0x00000000cc300000, 0x00000000cc339400, 0x00000000cc400000| 22%| O|  |TAMS 0x00000000cc300000, 0x00000000cc300000| Untracked 
|  38|0x00000000cc400000, 0x00000000cc500000, 0x00000000cc500000|100%| O|  |TAMS 0x00000000cc500000, 0x00000000cc400000| Untracked 
|  39|0x00000000cc500000, 0x00000000cc600000, 0x00000000cc600000|100%| O|  |TAMS 0x00000000cc600000, 0x00000000cc500000| Untracked 
|  40|0x00000000cc600000, 0x00000000cc700000, 0x00000000cc700000|100%| O|  |TAMS 0x00000000cc700000, 0x00000000cc600000| Untracked 
|  41|0x00000000cc700000, 0x00000000cc800000, 0x00000000cc800000|100%| O|  |TAMS 0x00000000cc800000, 0x00000000cc700000| Untracked 
|  42|0x00000000cc800000, 0x00000000cc900000, 0x00000000cc900000|100%| O|  |TAMS 0x00000000cc900000, 0x00000000cc800000| Untracked 
|  43|0x00000000cc900000, 0x00000000cca00000, 0x00000000cca00000|100%| O|  |TAMS 0x00000000cca00000, 0x00000000cc900000| Untracked 
|  44|0x00000000cca00000, 0x00000000ccb00000, 0x00000000ccb00000|100%| O|  |TAMS 0x00000000cca00000, 0x00000000cca00000| Untracked 
|  45|0x00000000ccb00000, 0x00000000ccc00000, 0x00000000ccc00000|100%| O|  |TAMS 0x00000000ccc00000, 0x00000000ccb00000| Untracked 
|  46|0x00000000ccc00000, 0x00000000ccd00000, 0x00000000ccd00000|100%| O|  |TAMS 0x00000000ccd00000, 0x00000000ccc00000| Untracked 
|  47|0x00000000ccd00000, 0x00000000cce00000, 0x00000000cce00000|100%| O|  |TAMS 0x00000000ccdb4000, 0x00000000ccd00000| Untracked 
|  48|0x00000000cce00000, 0x00000000ccf00000, 0x00000000ccf00000|100%| O|  |TAMS 0x00000000cce00000, 0x00000000cce00000| Untracked 
|  49|0x00000000ccf00000, 0x00000000cd000000, 0x00000000cd000000|100%| O|  |TAMS 0x00000000ccf00000, 0x00000000ccf00000| Untracked 
|  50|0x00000000cd000000, 0x00000000cd100000, 0x00000000cd100000|100%| O|  |TAMS 0x00000000cd000000, 0x00000000cd000000| Untracked 
|  51|0x00000000cd100000, 0x00000000cd200000, 0x00000000cd200000|100%| O|  |TAMS 0x00000000cd100000, 0x00000000cd100000| Untracked 
|  52|0x00000000cd200000, 0x00000000cd300000, 0x00000000cd300000|100%| O|  |TAMS 0x00000000cd200000, 0x00000000cd200000| Untracked 
|  53|0x00000000cd300000, 0x00000000cd400000, 0x00000000cd400000|100%| O|  |TAMS 0x00000000cd300000, 0x00000000cd300000| Untracked 
|  54|0x00000000cd400000, 0x00000000cd500000, 0x00000000cd500000|100%| O|  |TAMS 0x00000000cd400000, 0x00000000cd400000| Untracked 
|  55|0x00000000cd500000, 0x00000000cd600000, 0x00000000cd600000|100%| O|  |TAMS 0x00000000cd500000, 0x00000000cd500000| Untracked 
|  56|0x00000000cd600000, 0x00000000cd700000, 0x00000000cd700000|100%| O|  |TAMS 0x00000000cd600000, 0x00000000cd600000| Untracked 
|  57|0x00000000cd700000, 0x00000000cd800000, 0x00000000cd800000|100%| O|  |TAMS 0x00000000cd700000, 0x00000000cd700000| Untracked 
|  58|0x00000000cd800000, 0x00000000cd900000, 0x00000000cd900000|100%| O|  |TAMS 0x00000000cd800000, 0x00000000cd800000| Untracked 
|  59|0x00000000cd900000, 0x00000000cda00000, 0x00000000cda00000|100%| O|  |TAMS 0x00000000cd900000, 0x00000000cd900000| Untracked 
|  60|0x00000000cda00000, 0x00000000cdb00000, 0x00000000cdb00000|100%| O|  |TAMS 0x00000000cda00000, 0x00000000cda00000| Untracked 
|  61|0x00000000cdb00000, 0x00000000cdc00000, 0x00000000cdc00000|100%| O|  |TAMS 0x00000000cdb00000, 0x00000000cdb00000| Untracked 
|  62|0x00000000cdc00000, 0x00000000cdd00000, 0x00000000cdd00000|100%| O|  |TAMS 0x00000000cdc00000, 0x00000000cdc00000| Untracked 
|  63|0x00000000cdd00000, 0x00000000cdd00000, 0x00000000cde00000|  0%| F|  |TAMS 0x00000000cdd00000, 0x00000000cdd00000| Untracked 
|  64|0x00000000cde00000, 0x00000000cde00000, 0x00000000cdf00000|  0%| F|  |TAMS 0x00000000cde00000, 0x00000000cde00000| Untracked 
|  65|0x00000000cdf00000, 0x00000000cdf00000, 0x00000000ce000000|  0%| F|  |TAMS 0x00000000cdf00000, 0x00000000cdf00000| Untracked 
|  66|0x00000000ce000000, 0x00000000ce000000, 0x00000000ce100000|  0%| F|  |TAMS 0x00000000ce000000, 0x00000000ce000000| Untracked 
|  67|0x00000000ce100000, 0x00000000ce100000, 0x00000000ce200000|  0%| F|  |TAMS 0x00000000ce100000, 0x00000000ce100000| Untracked 
|  68|0x00000000ce200000, 0x00000000ce200000, 0x00000000ce300000|  0%| F|  |TAMS 0x00000000ce200000, 0x00000000ce200000| Untracked 
|  69|0x00000000ce300000, 0x00000000ce300000, 0x00000000ce400000|  0%| F|  |TAMS 0x00000000ce300000, 0x00000000ce300000| Untracked 
|  70|0x00000000ce400000, 0x00000000ce400000, 0x00000000ce500000|  0%| F|  |TAMS 0x00000000ce400000, 0x00000000ce400000| Untracked 
|  71|0x00000000ce500000, 0x00000000ce500000, 0x00000000ce600000|  0%| F|  |TAMS 0x00000000ce500000, 0x00000000ce500000| Untracked 
|  72|0x00000000ce600000, 0x00000000ce600000, 0x00000000ce700000|  0%| F|  |TAMS 0x00000000ce600000, 0x00000000ce600000| Untracked 
|  73|0x00000000ce700000, 0x00000000ce700000, 0x00000000ce800000|  0%| F|  |TAMS 0x00000000ce700000, 0x00000000ce700000| Untracked 
|  74|0x00000000ce800000, 0x00000000ce800000, 0x00000000ce900000|  0%| F|  |TAMS 0x00000000ce800000, 0x00000000ce800000| Untracked 
|  75|0x00000000ce900000, 0x00000000ce900000, 0x00000000cea00000|  0%| F|  |TAMS 0x00000000ce900000, 0x00000000ce900000| Untracked 
|  76|0x00000000cea00000, 0x00000000cea00000, 0x00000000ceb00000|  0%| F|  |TAMS 0x00000000cea00000, 0x00000000cea00000| Untracked 
|  77|0x00000000ceb00000, 0x00000000ceb00000, 0x00000000cec00000|  0%| F|  |TAMS 0x00000000ceb00000, 0x00000000ceb00000| Untracked 
|  78|0x00000000cec00000, 0x00000000cec00000, 0x00000000ced00000|  0%| F|  |TAMS 0x00000000cec00000, 0x00000000cec00000| Untracked 
|  79|0x00000000ced00000, 0x00000000ced00000, 0x00000000cee00000|  0%| F|  |TAMS 0x00000000ced00000, 0x00000000ced00000| Untracked 
|  80|0x00000000cee00000, 0x00000000cee00000, 0x00000000cef00000|  0%| F|  |TAMS 0x00000000cee00000, 0x00000000cee00000| Untracked 
|  81|0x00000000cef00000, 0x00000000cef00000, 0x00000000cf000000|  0%| F|  |TAMS 0x00000000cef00000, 0x00000000cef00000| Untracked 
|  82|0x00000000cf000000, 0x00000000cf000000, 0x00000000cf100000|  0%| F|  |TAMS 0x00000000cf000000, 0x00000000cf000000| Untracked 
|  83|0x00000000cf100000, 0x00000000cf100000, 0x00000000cf200000|  0%| F|  |TAMS 0x00000000cf100000, 0x00000000cf100000| Untracked 
|  84|0x00000000cf200000, 0x00000000cf200000, 0x00000000cf300000|  0%| F|  |TAMS 0x00000000cf200000, 0x00000000cf200000| Untracked 
|  85|0x00000000cf300000, 0x00000000cf300000, 0x00000000cf400000|  0%| F|  |TAMS 0x00000000cf300000, 0x00000000cf300000| Untracked 
|  86|0x00000000cf400000, 0x00000000cf400000, 0x00000000cf500000|  0%| F|  |TAMS 0x00000000cf400000, 0x00000000cf400000| Untracked 
|  87|0x00000000cf500000, 0x00000000cf500000, 0x00000000cf600000|  0%| F|  |TAMS 0x00000000cf500000, 0x00000000cf500000| Untracked 
|  88|0x00000000cf600000, 0x00000000cf600000, 0x00000000cf700000|  0%| F|  |TAMS 0x00000000cf600000, 0x00000000cf600000| Untracked 
|  89|0x00000000cf700000, 0x00000000cf700000, 0x00000000cf800000|  0%| F|  |TAMS 0x00000000cf700000, 0x00000000cf700000| Untracked 
|  90|0x00000000cf800000, 0x00000000cf800000, 0x00000000cf900000|  0%| F|  |TAMS 0x00000000cf800000, 0x00000000cf800000| Untracked 
|  91|0x00000000cf900000, 0x00000000cf900000, 0x00000000cfa00000|  0%| F|  |TAMS 0x00000000cf900000, 0x00000000cf900000| Untracked 
|  92|0x00000000cfa00000, 0x00000000cfa00000, 0x00000000cfb00000|  0%| F|  |TAMS 0x00000000cfa00000, 0x00000000cfa00000| Untracked 
|  93|0x00000000cfb00000, 0x00000000cfb00000, 0x00000000cfc00000|  0%| F|  |TAMS 0x00000000cfb00000, 0x00000000cfb00000| Untracked 
|  94|0x00000000cfc00000, 0x00000000cfc00000, 0x00000000cfd00000|  0%| F|  |TAMS 0x00000000cfc00000, 0x00000000cfc00000| Untracked 
|  95|0x00000000cfd00000, 0x00000000cfd00000, 0x00000000cfe00000|  0%| F|  |TAMS 0x00000000cfd00000, 0x00000000cfd00000| Untracked 
|  96|0x00000000cfe00000, 0x00000000cfe00000, 0x00000000cff00000|  0%| F|  |TAMS 0x00000000cfe00000, 0x00000000cfe00000| Untracked 
|  97|0x00000000cff00000, 0x00000000cff00000, 0x00000000d0000000|  0%| F|  |TAMS 0x00000000cff00000, 0x00000000cff00000| Untracked 
|  98|0x00000000d0000000, 0x00000000d0000000, 0x00000000d0100000|  0%| F|  |TAMS 0x00000000d0000000, 0x00000000d0000000| Untracked 
|  99|0x00000000d0100000, 0x00000000d0100000, 0x00000000d0200000|  0%| F|  |TAMS 0x00000000d0100000, 0x00000000d0100000| Untracked 
| 100|0x00000000d0200000, 0x00000000d0200000, 0x00000000d0300000|  0%| F|  |TAMS 0x00000000d0200000, 0x00000000d0200000| Untracked 
| 101|0x00000000d0300000, 0x00000000d0300000, 0x00000000d0400000|  0%| F|  |TAMS 0x00000000d0300000, 0x00000000d0300000| Untracked 
| 102|0x00000000d0400000, 0x00000000d0400000, 0x00000000d0500000|  0%| F|  |TAMS 0x00000000d0400000, 0x00000000d0400000| Untracked 
| 103|0x00000000d0500000, 0x00000000d0500000, 0x00000000d0600000|  0%| F|  |TAMS 0x00000000d0500000, 0x00000000d0500000| Untracked 
| 104|0x00000000d0600000, 0x00000000d0600000, 0x00000000d0700000|  0%| F|  |TAMS 0x00000000d0600000, 0x00000000d0600000| Untracked 
| 105|0x00000000d0700000, 0x00000000d0700000, 0x00000000d0800000|  0%| F|  |TAMS 0x00000000d0700000, 0x00000000d0700000| Untracked 
| 106|0x00000000d0800000, 0x00000000d0800000, 0x00000000d0900000|  0%| F|  |TAMS 0x00000000d0800000, 0x00000000d0800000| Untracked 
| 107|0x00000000d0900000, 0x00000000d0900000, 0x00000000d0a00000|  0%| F|  |TAMS 0x00000000d0900000, 0x00000000d0900000| Untracked 
| 108|0x00000000d0a00000, 0x00000000d0a00000, 0x00000000d0b00000|  0%| F|  |TAMS 0x00000000d0a00000, 0x00000000d0a00000| Untracked 
| 109|0x00000000d0b00000, 0x00000000d0b00000, 0x00000000d0c00000|  0%| F|  |TAMS 0x00000000d0b00000, 0x00000000d0b00000| Untracked 
| 110|0x00000000d0c00000, 0x00000000d0c00000, 0x00000000d0d00000|  0%| F|  |TAMS 0x00000000d0c00000, 0x00000000d0c00000| Untracked 
| 111|0x00000000d0d00000, 0x00000000d0d00000, 0x00000000d0e00000|  0%| F|  |TAMS 0x00000000d0d00000, 0x00000000d0d00000| Untracked 
| 112|0x00000000d0e00000, 0x00000000d0e00000, 0x00000000d0f00000|  0%| F|  |TAMS 0x00000000d0e00000, 0x00000000d0e00000| Untracked 
| 113|0x00000000d0f00000, 0x00000000d0f00000, 0x00000000d1000000|  0%| F|  |TAMS 0x00000000d0f00000, 0x00000000d0f00000| Untracked 
| 114|0x00000000d1000000, 0x00000000d1000000, 0x00000000d1100000|  0%| F|  |TAMS 0x00000000d1000000, 0x00000000d1000000| Untracked 
| 115|0x00000000d1100000, 0x00000000d1100000, 0x00000000d1200000|  0%| F|  |TAMS 0x00000000d1100000, 0x00000000d1100000| Untracked 
| 116|0x00000000d1200000, 0x00000000d1200000, 0x00000000d1300000|  0%| F|  |TAMS 0x00000000d1200000, 0x00000000d1200000| Untracked 
| 117|0x00000000d1300000, 0x00000000d1300000, 0x00000000d1400000|  0%| F|  |TAMS 0x00000000d1300000, 0x00000000d1300000| Untracked 
| 118|0x00000000d1400000, 0x00000000d1400000, 0x00000000d1500000|  0%| F|  |TAMS 0x00000000d1400000, 0x00000000d1400000| Untracked 
| 119|0x00000000d1500000, 0x00000000d1500000, 0x00000000d1600000|  0%| F|  |TAMS 0x00000000d1500000, 0x00000000d1500000| Untracked 
| 120|0x00000000d1600000, 0x00000000d1600000, 0x00000000d1700000|  0%| F|  |TAMS 0x00000000d1600000, 0x00000000d1600000| Untracked 
| 121|0x00000000d1700000, 0x00000000d1700000, 0x00000000d1800000|  0%| F|  |TAMS 0x00000000d1700000, 0x00000000d1700000| Untracked 
| 122|0x00000000d1800000, 0x00000000d1800000, 0x00000000d1900000|  0%| F|  |TAMS 0x00000000d1800000, 0x00000000d1800000| Untracked 
| 123|0x00000000d1900000, 0x00000000d1900000, 0x00000000d1a00000|  0%| F|  |TAMS 0x00000000d1900000, 0x00000000d1900000| Untracked 
| 124|0x00000000d1a00000, 0x00000000d1a00000, 0x00000000d1b00000|  0%| F|  |TAMS 0x00000000d1a00000, 0x00000000d1a00000| Untracked 
| 125|0x00000000d1b00000, 0x00000000d1b00000, 0x00000000d1c00000|  0%| F|  |TAMS 0x00000000d1b00000, 0x00000000d1b00000| Untracked 
| 126|0x00000000d1c00000, 0x00000000d1c00000, 0x00000000d1d00000|  0%| F|  |TAMS 0x00000000d1c00000, 0x00000000d1c00000| Untracked 
| 127|0x00000000d1d00000, 0x00000000d1d00000, 0x00000000d1e00000|  0%| F|  |TAMS 0x00000000d1d00000, 0x00000000d1d00000| Untracked 
| 128|0x00000000d1e00000, 0x00000000d1e00000, 0x00000000d1f00000|  0%| F|  |TAMS 0x00000000d1e00000, 0x00000000d1e00000| Untracked 
| 129|0x00000000d1f00000, 0x00000000d1f00000, 0x00000000d2000000|  0%| F|  |TAMS 0x00000000d1f00000, 0x00000000d1f00000| Untracked 
| 130|0x00000000d2000000, 0x00000000d2000000, 0x00000000d2100000|  0%| F|  |TAMS 0x00000000d2000000, 0x00000000d2000000| Untracked 
| 131|0x00000000d2100000, 0x00000000d2100000, 0x00000000d2200000|  0%| F|  |TAMS 0x00000000d2100000, 0x00000000d2100000| Untracked 
| 132|0x00000000d2200000, 0x00000000d2200000, 0x00000000d2300000|  0%| F|  |TAMS 0x00000000d2200000, 0x00000000d2200000| Untracked 
| 133|0x00000000d2300000, 0x00000000d2300000, 0x00000000d2400000|  0%| F|  |TAMS 0x00000000d2300000, 0x00000000d2300000| Untracked 
| 134|0x00000000d2400000, 0x00000000d2400000, 0x00000000d2500000|  0%| F|  |TAMS 0x00000000d2400000, 0x00000000d2400000| Untracked 
| 135|0x00000000d2500000, 0x00000000d2500000, 0x00000000d2600000|  0%| F|  |TAMS 0x00000000d2500000, 0x00000000d2500000| Untracked 
| 136|0x00000000d2600000, 0x00000000d2600000, 0x00000000d2700000|  0%| F|  |TAMS 0x00000000d2600000, 0x00000000d2600000| Untracked 
| 137|0x00000000d2700000, 0x00000000d2700000, 0x00000000d2800000|  0%| F|  |TAMS 0x00000000d2700000, 0x00000000d2700000| Untracked 
| 138|0x00000000d2800000, 0x00000000d2800000, 0x00000000d2900000|  0%| F|  |TAMS 0x00000000d2800000, 0x00000000d2800000| Untracked 
| 139|0x00000000d2900000, 0x00000000d2900000, 0x00000000d2a00000|  0%| F|  |TAMS 0x00000000d2900000, 0x00000000d2900000| Untracked 
| 140|0x00000000d2a00000, 0x00000000d2a00000, 0x00000000d2b00000|  0%| F|  |TAMS 0x00000000d2a00000, 0x00000000d2a00000| Untracked 
| 141|0x00000000d2b00000, 0x00000000d2b00000, 0x00000000d2c00000|  0%| F|  |TAMS 0x00000000d2b00000, 0x00000000d2b00000| Untracked 
| 142|0x00000000d2c00000, 0x00000000d2c00000, 0x00000000d2d00000|  0%| F|  |TAMS 0x00000000d2c00000, 0x00000000d2c00000| Untracked 
| 143|0x00000000d2d00000, 0x00000000d2d00000, 0x00000000d2e00000|  0%| F|  |TAMS 0x00000000d2d00000, 0x00000000d2d00000| Untracked 
| 144|0x00000000d2e00000, 0x00000000d2e00000, 0x00000000d2f00000|  0%| F|  |TAMS 0x00000000d2e00000, 0x00000000d2e00000| Untracked 
| 145|0x00000000d2f00000, 0x00000000d2f9de90, 0x00000000d3000000| 61%| S|CS|TAMS 0x00000000d2f00000, 0x00000000d2f00000| Complete 
| 146|0x00000000d3000000, 0x00000000d3100000, 0x00000000d3100000|100%| S|CS|TAMS 0x00000000d3000000, 0x00000000d3000000| Complete 
| 147|0x00000000d3100000, 0x00000000d3200000, 0x00000000d3200000|100%| S|CS|TAMS 0x00000000d3100000, 0x00000000d3100000| Complete 
| 148|0x00000000d3200000, 0x00000000d3300000, 0x00000000d3300000|100%| S|CS|TAMS 0x00000000d3200000, 0x00000000d3200000| Complete 
| 149|0x00000000d3300000, 0x00000000d3400000, 0x00000000d3400000|100%| S|CS|TAMS 0x00000000d3300000, 0x00000000d3300000| Complete 
| 150|0x00000000d3400000, 0x00000000d3500000, 0x00000000d3500000|100%| S|CS|TAMS 0x00000000d3400000, 0x00000000d3400000| Complete 
| 151|0x00000000d3500000, 0x00000000d3600000, 0x00000000d3600000|100%| S|CS|TAMS 0x00000000d3500000, 0x00000000d3500000| Complete 
| 152|0x00000000d3600000, 0x00000000d3700000, 0x00000000d3700000|100%| S|CS|TAMS 0x00000000d3600000, 0x00000000d3600000| Complete 
| 153|0x00000000d3700000, 0x00000000d3800000, 0x00000000d3800000|100%| S|CS|TAMS 0x00000000d3700000, 0x00000000d3700000| Complete 
| 154|0x00000000d3800000, 0x00000000d3900000, 0x00000000d3900000|100%| S|CS|TAMS 0x00000000d3800000, 0x00000000d3800000| Complete 
| 155|0x00000000d3900000, 0x00000000d3a00000, 0x00000000d3a00000|100%| S|CS|TAMS 0x00000000d3900000, 0x00000000d3900000| Complete 
| 156|0x00000000d3a00000, 0x00000000d3a00000, 0x00000000d3b00000|  0%| F|  |TAMS 0x00000000d3a00000, 0x00000000d3a00000| Untracked 
| 157|0x00000000d3b00000, 0x00000000d3b00000, 0x00000000d3c00000|  0%| F|  |TAMS 0x00000000d3b00000, 0x00000000d3b00000| Untracked 
| 158|0x00000000d3c00000, 0x00000000d3c00000, 0x00000000d3d00000|  0%| F|  |TAMS 0x00000000d3c00000, 0x00000000d3c00000| Untracked 
| 159|0x00000000d3d00000, 0x00000000d3d00000, 0x00000000d3e00000|  0%| F|  |TAMS 0x00000000d3d00000, 0x00000000d3d00000| Untracked 
| 160|0x00000000d3e00000, 0x00000000d3e00000, 0x00000000d3f00000|  0%| F|  |TAMS 0x00000000d3e00000, 0x00000000d3e00000| Untracked 
| 161|0x00000000d3f00000, 0x00000000d3f00000, 0x00000000d4000000|  0%| F|  |TAMS 0x00000000d3f00000, 0x00000000d3f00000| Untracked 
| 162|0x00000000d4000000, 0x00000000d4000000, 0x00000000d4100000|  0%| F|  |TAMS 0x00000000d4000000, 0x00000000d4000000| Untracked 
| 163|0x00000000d4100000, 0x00000000d4100000, 0x00000000d4200000|  0%| F|  |TAMS 0x00000000d4100000, 0x00000000d4100000| Untracked 
| 164|0x00000000d4200000, 0x00000000d4200000, 0x00000000d4300000|  0%| F|  |TAMS 0x00000000d4200000, 0x00000000d4200000| Untracked 
| 165|0x00000000d4300000, 0x00000000d4300000, 0x00000000d4400000|  0%| F|  |TAMS 0x00000000d4300000, 0x00000000d4300000| Untracked 
| 166|0x00000000d4400000, 0x00000000d4400000, 0x00000000d4500000|  0%| F|  |TAMS 0x00000000d4400000, 0x00000000d4400000| Untracked 
| 167|0x00000000d4500000, 0x00000000d4500000, 0x00000000d4600000|  0%| F|  |TAMS 0x00000000d4500000, 0x00000000d4500000| Untracked 
| 168|0x00000000d4600000, 0x00000000d4600000, 0x00000000d4700000|  0%| F|  |TAMS 0x00000000d4600000, 0x00000000d4600000| Untracked 
| 169|0x00000000d4700000, 0x00000000d4700000, 0x00000000d4800000|  0%| F|  |TAMS 0x00000000d4700000, 0x00000000d4700000| Untracked 
| 170|0x00000000d4800000, 0x00000000d4800000, 0x00000000d4900000|  0%| F|  |TAMS 0x00000000d4800000, 0x00000000d4800000| Untracked 
| 171|0x00000000d4900000, 0x00000000d4900000, 0x00000000d4a00000|  0%| F|  |TAMS 0x00000000d4900000, 0x00000000d4900000| Untracked 
| 172|0x00000000d4a00000, 0x00000000d4a00000, 0x00000000d4b00000|  0%| F|  |TAMS 0x00000000d4a00000, 0x00000000d4a00000| Untracked 
| 173|0x00000000d4b00000, 0x00000000d4b00000, 0x00000000d4c00000|  0%| F|  |TAMS 0x00000000d4b00000, 0x00000000d4b00000| Untracked 
| 174|0x00000000d4c00000, 0x00000000d4c00000, 0x00000000d4d00000|  0%| F|  |TAMS 0x00000000d4c00000, 0x00000000d4c00000| Untracked 
| 175|0x00000000d4d00000, 0x00000000d4d00800, 0x00000000d4e00000|  0%| E|  |TAMS 0x00000000d4d00000, 0x00000000d4d00000| Complete 
| 176|0x00000000d4e00000, 0x00000000d4f00000, 0x00000000d4f00000|100%| E|CS|TAMS 0x00000000d4e00000, 0x00000000d4e00000| Complete 
| 177|0x00000000d4f00000, 0x00000000d5000000, 0x00000000d5000000|100%| E|CS|TAMS 0x00000000d4f00000, 0x00000000d4f00000| Complete 
| 178|0x00000000d5000000, 0x00000000d5100000, 0x00000000d5100000|100%| E|CS|TAMS 0x00000000d5000000, 0x00000000d5000000| Complete 
| 179|0x00000000d5100000, 0x00000000d5200000, 0x00000000d5200000|100%| E|CS|TAMS 0x00000000d5100000, 0x00000000d5100000| Complete 
| 180|0x00000000d5200000, 0x00000000d5300000, 0x00000000d5300000|100%| E|CS|TAMS 0x00000000d5200000, 0x00000000d5200000| Complete 
| 181|0x00000000d5300000, 0x00000000d5400000, 0x00000000d5400000|100%| E|CS|TAMS 0x00000000d5300000, 0x00000000d5300000| Complete 
| 182|0x00000000d5400000, 0x00000000d5500000, 0x00000000d5500000|100%| E|CS|TAMS 0x00000000d5400000, 0x00000000d5400000| Complete 
| 183|0x00000000d5500000, 0x00000000d5600000, 0x00000000d5600000|100%| E|CS|TAMS 0x00000000d5500000, 0x00000000d5500000| Complete 
| 184|0x00000000d5600000, 0x00000000d5700000, 0x00000000d5700000|100%| E|CS|TAMS 0x00000000d5600000, 0x00000000d5600000| Complete 
| 185|0x00000000d5700000, 0x00000000d5800000, 0x00000000d5800000|100%| E|CS|TAMS 0x00000000d5700000, 0x00000000d5700000| Complete 
| 186|0x00000000d5800000, 0x00000000d5900000, 0x00000000d5900000|100%| E|CS|TAMS 0x00000000d5800000, 0x00000000d5800000| Complete 
| 187|0x00000000d5900000, 0x00000000d5a00000, 0x00000000d5a00000|100%| E|CS|TAMS 0x00000000d5900000, 0x00000000d5900000| Complete 
| 188|0x00000000d5a00000, 0x00000000d5b00000, 0x00000000d5b00000|100%| E|CS|TAMS 0x00000000d5a00000, 0x00000000d5a00000| Complete 
| 189|0x00000000d5b00000, 0x00000000d5c00000, 0x00000000d5c00000|100%| E|CS|TAMS 0x00000000d5b00000, 0x00000000d5b00000| Complete 
| 190|0x00000000d5c00000, 0x00000000d5d00000, 0x00000000d5d00000|100%| E|CS|TAMS 0x00000000d5c00000, 0x00000000d5c00000| Complete 
| 191|0x00000000d5d00000, 0x00000000d5e00000, 0x00000000d5e00000|100%| E|CS|TAMS 0x00000000d5d00000, 0x00000000d5d00000| Complete 
| 192|0x00000000d5e00000, 0x00000000d5f00000, 0x00000000d5f00000|100%| E|CS|TAMS 0x00000000d5e00000, 0x00000000d5e00000| Complete 
| 193|0x00000000d5f00000, 0x00000000d6000000, 0x00000000d6000000|100%| E|CS|TAMS 0x00000000d5f00000, 0x00000000d5f00000| Complete 
| 194|0x00000000d6000000, 0x00000000d6100000, 0x00000000d6100000|100%| E|CS|TAMS 0x00000000d6000000, 0x00000000d6000000| Complete 
| 195|0x00000000d6100000, 0x00000000d6200000, 0x00000000d6200000|100%| E|CS|TAMS 0x00000000d6100000, 0x00000000d6100000| Complete 
| 196|0x00000000d6200000, 0x00000000d6300000, 0x00000000d6300000|100%| E|CS|TAMS 0x00000000d6200000, 0x00000000d6200000| Complete 
| 197|0x00000000d6300000, 0x00000000d6400000, 0x00000000d6400000|100%| E|CS|TAMS 0x00000000d6300000, 0x00000000d6300000| Complete 
| 198|0x00000000d6400000, 0x00000000d6500000, 0x00000000d6500000|100%| E|CS|TAMS 0x00000000d6400000, 0x00000000d6400000| Complete 
| 199|0x00000000d6500000, 0x00000000d6600000, 0x00000000d6600000|100%| E|CS|TAMS 0x00000000d6500000, 0x00000000d6500000| Complete 
| 200|0x00000000d6600000, 0x00000000d6700000, 0x00000000d6700000|100%| E|CS|TAMS 0x00000000d6600000, 0x00000000d6600000| Complete 
| 201|0x00000000d6700000, 0x00000000d6800000, 0x00000000d6800000|100%| E|CS|TAMS 0x00000000d6700000, 0x00000000d6700000| Complete 
| 202|0x00000000d6800000, 0x00000000d6900000, 0x00000000d6900000|100%| E|CS|TAMS 0x00000000d6800000, 0x00000000d6800000| Complete 
| 203|0x00000000d6900000, 0x00000000d6a00000, 0x00000000d6a00000|100%| E|CS|TAMS 0x00000000d6900000, 0x00000000d6900000| Complete 
| 204|0x00000000d6a00000, 0x00000000d6b00000, 0x00000000d6b00000|100%| E|CS|TAMS 0x00000000d6a00000, 0x00000000d6a00000| Complete 
| 205|0x00000000d6b00000, 0x00000000d6c00000, 0x00000000d6c00000|100%| E|CS|TAMS 0x00000000d6b00000, 0x00000000d6b00000| Complete 
| 206|0x00000000d6c00000, 0x00000000d6d00000, 0x00000000d6d00000|100%| E|CS|TAMS 0x00000000d6c00000, 0x00000000d6c00000| Complete 
| 207|0x00000000d6d00000, 0x00000000d6e00000, 0x00000000d6e00000|100%| E|CS|TAMS 0x00000000d6d00000, 0x00000000d6d00000| Complete 
| 208|0x00000000d6e00000, 0x00000000d6f00000, 0x00000000d6f00000|100%| E|CS|TAMS 0x00000000d6e00000, 0x00000000d6e00000| Complete 
| 209|0x00000000d6f00000, 0x00000000d7000000, 0x00000000d7000000|100%| E|CS|TAMS 0x00000000d6f00000, 0x00000000d6f00000| Complete 
| 210|0x00000000d7000000, 0x00000000d7100000, 0x00000000d7100000|100%| E|CS|TAMS 0x00000000d7000000, 0x00000000d7000000| Complete 
| 211|0x00000000d7100000, 0x00000000d7200000, 0x00000000d7200000|100%| E|CS|TAMS 0x00000000d7100000, 0x00000000d7100000| Complete 
| 212|0x00000000d7200000, 0x00000000d7300000, 0x00000000d7300000|100%| E|CS|TAMS 0x00000000d7200000, 0x00000000d7200000| Complete 
| 213|0x00000000d7300000, 0x00000000d7400000, 0x00000000d7400000|100%| E|CS|TAMS 0x00000000d7300000, 0x00000000d7300000| Complete 
| 214|0x00000000d7400000, 0x00000000d7500000, 0x00000000d7500000|100%| E|CS|TAMS 0x00000000d7400000, 0x00000000d7400000| Complete 
| 215|0x00000000d7500000, 0x00000000d7600000, 0x00000000d7600000|100%| E|CS|TAMS 0x00000000d7500000, 0x00000000d7500000| Complete 
| 216|0x00000000d7600000, 0x00000000d7700000, 0x00000000d7700000|100%| E|CS|TAMS 0x00000000d7600000, 0x00000000d7600000| Complete 
| 217|0x00000000d7700000, 0x00000000d7800000, 0x00000000d7800000|100%| E|CS|TAMS 0x00000000d7700000, 0x00000000d7700000| Complete 
| 218|0x00000000d7800000, 0x00000000d7900000, 0x00000000d7900000|100%| E|CS|TAMS 0x00000000d7800000, 0x00000000d7800000| Complete 
| 219|0x00000000d7900000, 0x00000000d7a00000, 0x00000000d7a00000|100%| E|CS|TAMS 0x00000000d7900000, 0x00000000d7900000| Complete 
| 220|0x00000000d7a00000, 0x00000000d7b00000, 0x00000000d7b00000|100%| E|CS|TAMS 0x00000000d7a00000, 0x00000000d7a00000| Complete 
| 221|0x00000000d7b00000, 0x00000000d7c00000, 0x00000000d7c00000|100%| E|CS|TAMS 0x00000000d7b00000, 0x00000000d7b00000| Complete 
| 222|0x00000000d7c00000, 0x00000000d7d00000, 0x00000000d7d00000|100%| E|CS|TAMS 0x00000000d7c00000, 0x00000000d7c00000| Complete 
| 223|0x00000000d7d00000, 0x00000000d7e00000, 0x00000000d7e00000|100%| E|CS|TAMS 0x00000000d7d00000, 0x00000000d7d00000| Complete 
| 224|0x00000000d7e00000, 0x00000000d7f00000, 0x00000000d7f00000|100%| E|CS|TAMS 0x00000000d7e00000, 0x00000000d7e00000| Complete 
| 225|0x00000000d7f00000, 0x00000000d8000000, 0x00000000d8000000|100%| E|CS|TAMS 0x00000000d7f00000, 0x00000000d7f00000| Complete 
| 226|0x00000000d8000000, 0x00000000d8100000, 0x00000000d8100000|100%| E|CS|TAMS 0x00000000d8000000, 0x00000000d8000000| Complete 
| 227|0x00000000d8100000, 0x00000000d8200000, 0x00000000d8200000|100%| E|CS|TAMS 0x00000000d8100000, 0x00000000d8100000| Complete 
| 228|0x00000000d8200000, 0x00000000d8300000, 0x00000000d8300000|100%| E|CS|TAMS 0x00000000d8200000, 0x00000000d8200000| Complete 
| 229|0x00000000d8300000, 0x00000000d8400000, 0x00000000d8400000|100%| E|CS|TAMS 0x00000000d8300000, 0x00000000d8300000| Complete 
| 230|0x00000000d8400000, 0x00000000d8500000, 0x00000000d8500000|100%| E|CS|TAMS 0x00000000d8400000, 0x00000000d8400000| Complete 
| 231|0x00000000d8500000, 0x00000000d8600000, 0x00000000d8600000|100%| E|CS|TAMS 0x00000000d8500000, 0x00000000d8500000| Complete 
| 232|0x00000000d8600000, 0x00000000d8700000, 0x00000000d8700000|100%| E|CS|TAMS 0x00000000d8600000, 0x00000000d8600000| Complete 
| 233|0x00000000d8700000, 0x00000000d8800000, 0x00000000d8800000|100%| E|CS|TAMS 0x00000000d8700000, 0x00000000d8700000| Complete 
| 234|0x00000000d8800000, 0x00000000d8900000, 0x00000000d8900000|100%| E|CS|TAMS 0x00000000d8800000, 0x00000000d8800000| Complete 
| 235|0x00000000d8900000, 0x00000000d8a00000, 0x00000000d8a00000|100%| E|CS|TAMS 0x00000000d8900000, 0x00000000d8900000| Complete 
| 236|0x00000000d8a00000, 0x00000000d8b00000, 0x00000000d8b00000|100%| E|CS|TAMS 0x00000000d8a00000, 0x00000000d8a00000| Complete 
| 237|0x00000000d8b00000, 0x00000000d8c00000, 0x00000000d8c00000|100%| E|CS|TAMS 0x00000000d8b00000, 0x00000000d8b00000| Complete 
| 238|0x00000000d8c00000, 0x00000000d8d00000, 0x00000000d8d00000|100%| E|CS|TAMS 0x00000000d8c00000, 0x00000000d8c00000| Complete 
| 239|0x00000000d8d00000, 0x00000000d8e00000, 0x00000000d8e00000|100%| E|CS|TAMS 0x00000000d8d00000, 0x00000000d8d00000| Complete 
| 240|0x00000000d8e00000, 0x00000000d8f00000, 0x00000000d8f00000|100%| E|CS|TAMS 0x00000000d8e00000, 0x00000000d8e00000| Complete 
| 241|0x00000000d8f00000, 0x00000000d9000000, 0x00000000d9000000|100%| E|CS|TAMS 0x00000000d8f00000, 0x00000000d8f00000| Complete 
| 242|0x00000000d9000000, 0x00000000d9100000, 0x00000000d9100000|100%| E|CS|TAMS 0x00000000d9000000, 0x00000000d9000000| Complete 
| 243|0x00000000d9100000, 0x00000000d9200000, 0x00000000d9200000|100%| E|CS|TAMS 0x00000000d9100000, 0x00000000d9100000| Complete 
| 244|0x00000000d9200000, 0x00000000d9300000, 0x00000000d9300000|100%| E|CS|TAMS 0x00000000d9200000, 0x00000000d9200000| Complete 
| 245|0x00000000d9300000, 0x00000000d9400000, 0x00000000d9400000|100%| E|CS|TAMS 0x00000000d9300000, 0x00000000d9300000| Complete 
| 246|0x00000000d9400000, 0x00000000d9500000, 0x00000000d9500000|100%| E|CS|TAMS 0x00000000d9400000, 0x00000000d9400000| Complete 
| 247|0x00000000d9500000, 0x00000000d9600000, 0x00000000d9600000|100%| E|CS|TAMS 0x00000000d9500000, 0x00000000d9500000| Complete 
| 248|0x00000000d9600000, 0x00000000d9700000, 0x00000000d9700000|100%| E|CS|TAMS 0x00000000d9600000, 0x00000000d9600000| Complete 
| 249|0x00000000d9700000, 0x00000000d9800000, 0x00000000d9800000|100%| E|CS|TAMS 0x00000000d9700000, 0x00000000d9700000| Complete 
| 250|0x00000000d9800000, 0x00000000d9900000, 0x00000000d9900000|100%| E|CS|TAMS 0x00000000d9800000, 0x00000000d9800000| Complete 
| 251|0x00000000d9900000, 0x00000000d9a00000, 0x00000000d9a00000|100%| E|CS|TAMS 0x00000000d9900000, 0x00000000d9900000| Complete 
| 252|0x00000000d9a00000, 0x00000000d9b00000, 0x00000000d9b00000|100%| E|CS|TAMS 0x00000000d9a00000, 0x00000000d9a00000| Complete 
| 253|0x00000000d9b00000, 0x00000000d9c00000, 0x00000000d9c00000|100%| E|CS|TAMS 0x00000000d9b00000, 0x00000000d9b00000| Complete 
| 254|0x00000000d9c00000, 0x00000000d9d00000, 0x00000000d9d00000|100%| E|CS|TAMS 0x00000000d9c00000, 0x00000000d9c00000| Complete 
| 255|0x00000000d9d00000, 0x00000000d9e00000, 0x00000000d9e00000|100%| E|CS|TAMS 0x00000000d9d00000, 0x00000000d9d00000| Complete 
| 256|0x00000000d9e00000, 0x00000000d9f00000, 0x00000000d9f00000|100%| E|CS|TAMS 0x00000000d9e00000, 0x00000000d9e00000| Complete 
| 257|0x00000000d9f00000, 0x00000000da000000, 0x00000000da000000|100%| E|CS|TAMS 0x00000000d9f00000, 0x00000000d9f00000| Complete 
| 258|0x00000000da000000, 0x00000000da100000, 0x00000000da100000|100%| E|CS|TAMS 0x00000000da000000, 0x00000000da000000| Complete 
| 259|0x00000000da100000, 0x00000000da200000, 0x00000000da200000|100%| E|CS|TAMS 0x00000000da100000, 0x00000000da100000| Complete 
| 260|0x00000000da200000, 0x00000000da300000, 0x00000000da300000|100%| E|CS|TAMS 0x00000000da200000, 0x00000000da200000| Complete 
| 261|0x00000000da300000, 0x00000000da400000, 0x00000000da400000|100%| E|CS|TAMS 0x00000000da300000, 0x00000000da300000| Complete 
| 262|0x00000000da400000, 0x00000000da500000, 0x00000000da500000|100%| E|  |TAMS 0x00000000da400000, 0x00000000da400000| Complete 
| 263|0x00000000da500000, 0x00000000da600000, 0x00000000da600000|100%| E|CS|TAMS 0x00000000da500000, 0x00000000da500000| Complete 
| 264|0x00000000da600000, 0x00000000da700000, 0x00000000da700000|100%| E|CS|TAMS 0x00000000da600000, 0x00000000da600000| Complete 
| 265|0x00000000da700000, 0x00000000da800000, 0x00000000da800000|100%| E|CS|TAMS 0x00000000da700000, 0x00000000da700000| Complete 
| 266|0x00000000da800000, 0x00000000da900000, 0x00000000da900000|100%| E|CS|TAMS 0x00000000da800000, 0x00000000da800000| Complete 
| 267|0x00000000da900000, 0x00000000daa00000, 0x00000000daa00000|100%| E|CS|TAMS 0x00000000da900000, 0x00000000da900000| Complete 
| 268|0x00000000daa00000, 0x00000000dab00000, 0x00000000dab00000|100%| E|CS|TAMS 0x00000000daa00000, 0x00000000daa00000| Complete 
| 269|0x00000000dab00000, 0x00000000dac00000, 0x00000000dac00000|100%| E|CS|TAMS 0x00000000dab00000, 0x00000000dab00000| Complete 
| 270|0x00000000dac00000, 0x00000000dad00000, 0x00000000dad00000|100%| E|CS|TAMS 0x00000000dac00000, 0x00000000dac00000| Complete 
| 271|0x00000000dad00000, 0x00000000dae00000, 0x00000000dae00000|100%| E|CS|TAMS 0x00000000dad00000, 0x00000000dad00000| Complete 
| 272|0x00000000dae00000, 0x00000000daf00000, 0x00000000daf00000|100%| E|CS|TAMS 0x00000000dae00000, 0x00000000dae00000| Complete 
| 273|0x00000000daf00000, 0x00000000db000000, 0x00000000db000000|100%| E|CS|TAMS 0x00000000daf00000, 0x00000000daf00000| Complete 

Card table byte_map: [0x0000020248270000,0x0000020248430000] _byte_map_base: 0x0000020247c21000

Marking Bits (Prev, Next): (CMBitMap*) 0x000002023e03bf90, (CMBitMap*) 0x000002023e03bfd0
 Prev Bits: [0x00000202485f0000, 0x0000020249378000)
 Next Bits: [0x0000020249380000, 0x000002024a108000)

Polling page: 0x000002023e0a0000

Metaspace:

Usage:
  Non-class:     79.55 MB used.
      Class:     13.92 MB used.
       Both:     93.47 MB used.

Virtual space:
  Non-class space:      128.00 MB reserved,      79.94 MB ( 62%) committed,  2 nodes.
      Class space:        1.00 GB reserved,      14.31 MB (  1%) committed,  1 nodes.
             Both:        1.12 GB reserved,      94.25 MB (  8%) committed. 

Chunk freelists:
   Non-Class:  15.68 MB
       Class:  1.54 MB
        Both:  17.23 MB

MaxMetaspaceSize: unlimited
CompressedClassSpaceSize: 1.00 GB
Initial GC threshold: 21.00 MB
Current GC threshold: 132.75 MB
CDS: on
MetaspaceReclaimPolicy: balanced
 - commit_granule_bytes: 65536.
 - commit_granule_words: 8192.
 - virtual_space_node_default_size: 8388608.
 - enlarge_chunks_in_place: 1.
 - new_chunks_are_fully_committed: 0.
 - uncommit_free_chunks: 1.
 - use_allocation_guard: 0.
 - handle_deallocations: 1.


Internal statistics:

num_allocs_failed_limit: 11.
num_arena_births: 1062.
num_arena_deaths: 2.
num_vsnodes_births: 3.
num_vsnodes_deaths: 0.
num_space_committed: 1508.
num_space_uncommitted: 0.
num_chunks_returned_to_freelist: 14.
num_chunks_taken_from_freelist: 4610.
num_chunk_merges: 8.
num_chunk_splits: 3362.
num_chunks_enlarged: 2629.
num_inconsistent_stats: 0.

CodeCache: size=49152Kb used=14768Kb max_used=15838Kb free=34383Kb
 bounds [0x0000020244920000, 0x00000202458a0000, 0x0000020247920000]
 total_blobs=9391 nmethods=8649 adapters=668
 compilation: enabled
              stopped_count=0, restarted_count=0
 full_count=0

Compilation events (20 events):
Event: 498.892 Thread 0x000002024cb6eaf0 nmethod 8658 0x0000020245644490 code [0x0000020245644620, 0x00000202456446f8]
Event: 499.669 Thread 0x000002024cb6eaf0 8659       1       java.lang.Iterable::forEach (39 bytes)
Event: 499.670 Thread 0x000002024cb6eaf0 nmethod 8659 0x0000020245643f10 code [0x00000202456440e0, 0x0000020245644308]
Event: 501.499 Thread 0x000002024cb6eaf0 8660       1       java.time.format.DateTimeFormatterBuilder$CharLiteralPrinterParser::format (11 bytes)
Event: 501.500 Thread 0x000002024cb6eaf0 nmethod 8660 0x0000020245643b90 code [0x0000020245643d20, 0x0000020245643e08]
Event: 505.904 Thread 0x000002024cb6eaf0 8661       1       java.util.regex.Matcher::groupCount (10 bytes)
Event: 506.114 Thread 0x000002024cb6eaf0 nmethod 8661 0x0000020245643890 code [0x0000020245643a20, 0x0000020245643af8]
Event: 506.123 Thread 0x000002024cb6eaf0 8662       1       ch.qos.logback.core.UnsynchronizedAppenderBase::isStarted (5 bytes)
Event: 506.141 Thread 0x000002024cb6eaf0 nmethod 8662 0x0000020245643590 code [0x0000020245643720, 0x00000202456437f8]
Event: 506.319 Thread 0x000002024cb6eaf0 8663       1       org.springframework.boot.ansi.AnsiColor::toString (5 bytes)
Event: 506.409 Thread 0x000002024cb6eaf0 nmethod 8663 0x0000020245643290 code [0x0000020245643420, 0x00000202456434f8]
Event: 509.226 Thread 0x000002024cb6eaf0 8664       1       java.lang.invoke.BoundMethodHandle$Species_LLLL::make (16 bytes)
Event: 509.338 Thread 0x000002024cb6eaf0 nmethod 8664 0x0000020245642d10 code [0x0000020245642ec0, 0x00000202456431a8]
Event: 511.722 Thread 0x000002024cb6eaf0 8666       1       org.apache.juli.logging.DirectJDKLog::isDebugEnabled (11 bytes)
Event: 511.731 Thread 0x000002024cb6eaf0 nmethod 8666 0x0000020245642910 code [0x0000020245642aa0, 0x0000020245642bb8]
Event: 511.731 Thread 0x000002024cb6eaf0 8667       1       jdk.internal.misc.Unsafe::putIntRelease (9 bytes)
Event: 511.734 Thread 0x000002024cb6eaf0 nmethod 8667 0x0000020245642610 code [0x00000202456427a0, 0x0000020245642878]
Event: 511.735 Thread 0x000002024cb6eaf0 8668       1       java.lang.invoke.BoundMethodHandle$Species_LL::copyWithExtendL (25 bytes)
Event: 511.740 Thread 0x000002024cb6eaf0 nmethod 8668 0x0000020245642210 code [0x00000202456423c0, 0x0000020245642548]
Event: 511.750 Thread 0x000002024cb6eaf0 8669  s    1       org.apache.catalina.util.LifecycleBase::setStateInternal (144 bytes)

GC Heap History (20 events):
Event: 23.765 GC heap before
{Heap before GC invocations=24 (full 0):
 garbage-first heap   total 83968K, used 66901K [0x00000000c9e00000, 0x0000000100000000)
  region size 1024K, 35 young (35840K), 5 survivors (5120K)
 Metaspace       used 76645K, committed 77248K, reserved 1179648K
  class space    used 11298K, committed 11584K, reserved 1048576K
}
Event: 23.772 GC heap after
{Heap after GC invocations=25 (full 0):
 garbage-first heap   total 83968K, used 37272K [0x00000000c9e00000, 0x0000000100000000)
  region size 1024K, 4 young (4096K), 4 survivors (4096K)
 Metaspace       used 76645K, committed 77248K, reserved 1179648K
  class space    used 11298K, committed 11584K, reserved 1048576K
}
Event: 24.270 GC heap before
{Heap before GC invocations=25 (full 0):
 garbage-first heap   total 83968K, used 65944K [0x00000000c9e00000, 0x0000000100000000)
  region size 1024K, 33 young (33792K), 4 survivors (4096K)
 Metaspace       used 79445K, committed 80064K, reserved 1179648K
  class space    used 11834K, committed 12160K, reserved 1048576K
}
Event: 24.277 GC heap after
{Heap after GC invocations=26 (full 0):
 garbage-first heap   total 83968K, used 39053K [0x00000000c9e00000, 0x0000000100000000)
  region size 1024K, 3 young (3072K), 3 survivors (3072K)
 Metaspace       used 79445K, committed 80064K, reserved 1179648K
  class space    used 11834K, committed 12160K, reserved 1048576K
}
Event: 24.802 GC heap before
{Heap before GC invocations=26 (full 0):
 garbage-first heap   total 83968K, used 67725K [0x00000000c9e00000, 0x0000000100000000)
  region size 1024K, 31 young (31744K), 3 survivors (3072K)
 Metaspace       used 80942K, committed 81536K, reserved 1179648K
  class space    used 12111K, committed 12416K, reserved 1048576K
}
Event: 24.812 GC heap after
{Heap after GC invocations=27 (full 0):
 garbage-first heap   total 83968K, used 43282K [0x00000000c9e00000, 0x0000000100000000)
  region size 1024K, 4 young (4096K), 4 survivors (4096K)
 Metaspace       used 80942K, committed 81536K, reserved 1179648K
  class space    used 12111K, committed 12416K, reserved 1048576K
}
Event: 24.964 GC heap before
{Heap before GC invocations=27 (full 0):
 garbage-first heap   total 83968K, used 65810K [0x00000000c9e00000, 0x0000000100000000)
  region size 1024K, 26 young (26624K), 4 survivors (4096K)
 Metaspace       used 80942K, committed 81536K, reserved 1179648K
  class space    used 12111K, committed 12416K, reserved 1048576K
}
Event: 24.975 GC heap after
{Heap after GC invocations=28 (full 0):
 garbage-first heap   total 101376K, used 48520K [0x00000000c9e00000, 0x0000000100000000)
  region size 1024K, 4 young (4096K), 4 survivors (4096K)
 Metaspace       used 80942K, committed 81536K, reserved 1179648K
  class space    used 12111K, committed 12416K, reserved 1048576K
}
Event: 25.202 GC heap before
{Heap before GC invocations=28 (full 0):
 garbage-first heap   total 101376K, used 77192K [0x00000000c9e00000, 0x0000000100000000)
  region size 1024K, 32 young (32768K), 4 survivors (4096K)
 Metaspace       used 80945K, committed 81536K, reserved 1179648K
  class space    used 12112K, committed 12416K, reserved 1048576K
}
Event: 25.211 GC heap after
{Heap after GC invocations=29 (full 0):
 garbage-first heap   total 101376K, used 52802K [0x00000000c9e00000, 0x0000000100000000)
  region size 1024K, 4 young (4096K), 4 survivors (4096K)
 Metaspace       used 80945K, committed 81536K, reserved 1179648K
  class space    used 12112K, committed 12416K, reserved 1048576K
}
Event: 25.406 GC heap before
{Heap before GC invocations=29 (full 0):
 garbage-first heap   total 101376K, used 78402K [0x00000000c9e00000, 0x0000000100000000)
  region size 1024K, 29 young (29696K), 4 survivors (4096K)
 Metaspace       used 80958K, committed 81536K, reserved 1179648K
  class space    used 12115K, committed 12416K, reserved 1048576K
}
Event: 25.417 GC heap after
{Heap after GC invocations=30 (full 0):
 garbage-first heap   total 101376K, used 57129K [0x00000000c9e00000, 0x0000000100000000)
  region size 1024K, 4 young (4096K), 4 survivors (4096K)
 Metaspace       used 80958K, committed 81536K, reserved 1179648K
  class space    used 12115K, committed 12416K, reserved 1048576K
}
Event: 25.596 GC heap before
{Heap before GC invocations=31 (full 0):
 garbage-first heap   total 116736K, used 77609K [0x00000000c9e00000, 0x0000000100000000)
  region size 1024K, 25 young (25600K), 4 survivors (4096K)
 Metaspace       used 80955K, committed 81536K, reserved 1179648K
  class space    used 12114K, committed 12416K, reserved 1048576K
}
Event: 25.610 GC heap after
{Heap after GC invocations=32 (full 0):
 garbage-first heap   total 116736K, used 63145K [0x00000000c9e00000, 0x0000000100000000)
  region size 1024K, 4 young (4096K), 4 survivors (4096K)
 Metaspace       used 80955K, committed 81536K, reserved 1179648K
  class space    used 12114K, committed 12416K, reserved 1048576K
}
Event: 25.618 GC heap before
{Heap before GC invocations=32 (full 0):
 garbage-first heap   total 116736K, used 64169K [0x00000000c9e00000, 0x0000000100000000)
  region size 1024K, 5 young (5120K), 4 survivors (4096K)
 Metaspace       used 80955K, committed 81536K, reserved 1179648K
  class space    used 12114K, committed 12416K, reserved 1048576K
}
Event: 25.623 GC heap after
{Heap after GC invocations=33 (full 0):
 garbage-first heap   total 116736K, used 63387K [0x00000000c9e00000, 0x0000000100000000)
  region size 1024K, 1 young (1024K), 1 survivors (1024K)
 Metaspace       used 80955K, committed 81536K, reserved 1179648K
  class space    used 12114K, committed 12416K, reserved 1048576K
}
Event: 25.755 GC heap before
{Heap before GC invocations=33 (full 0):
 garbage-first heap   total 116736K, used 86939K [0x00000000c9e00000, 0x0000000100000000)
  region size 1024K, 24 young (24576K), 1 survivors (1024K)
 Metaspace       used 80957K, committed 81536K, reserved 1179648K
  class space    used 12116K, committed 12416K, reserved 1048576K
}
Event: 25.764 GC heap after
{Heap after GC invocations=34 (full 0):
 garbage-first heap   total 280576K, used 66789K [0x00000000c9e00000, 0x0000000100000000)
  region size 1024K, 3 young (3072K), 3 survivors (3072K)
 Metaspace       used 80957K, committed 81536K, reserved 1179648K
  class space    used 12116K, committed 12416K, reserved 1048576K
}
Event: 29.561 GC heap before
{Heap before GC invocations=34 (full 0):
 garbage-first heap   total 280576K, used 187621K [0x00000000c9e00000, 0x0000000100000000)
  region size 1024K, 121 young (123904K), 3 survivors (3072K)
 Metaspace       used 88612K, committed 89280K, reserved 1179648K
  class space    used 13254K, committed 13568K, reserved 1048576K
}
Event: 29.582 GC heap after
{Heap after GC invocations=35 (full 0):
 garbage-first heap   total 280576K, used 74588K [0x00000000c9e00000, 0x0000000100000000)
  region size 1024K, 11 young (11264K), 11 survivors (11264K)
 Metaspace       used 88612K, committed 89280K, reserved 1179648K
  class space    used 13254K, committed 13568K, reserved 1048576K
}

Dll operation events (9 events):
Event: 0.075 Loaded shared library C:\Program Files\Eclipse Adoptium\jre-17.0.8.101-hotspot\bin\java.dll
Event: 0.193 Loaded shared library C:\Program Files\Eclipse Adoptium\jre-17.0.8.101-hotspot\bin\jsvml.dll
Event: 0.668 Loaded shared library C:\Program Files\Eclipse Adoptium\jre-17.0.8.101-hotspot\bin\jimage.dll
Event: 0.699 Loaded shared library C:\Program Files\Eclipse Adoptium\jre-17.0.8.101-hotspot\bin\net.dll
Event: 0.709 Loaded shared library C:\Program Files\Eclipse Adoptium\jre-17.0.8.101-hotspot\bin\nio.dll
Event: 0.721 Loaded shared library C:\Program Files\Eclipse Adoptium\jre-17.0.8.101-hotspot\bin\zip.dll
Event: 1.098 Loaded shared library C:\Program Files\Eclipse Adoptium\jre-17.0.8.101-hotspot\bin\management.dll
Event: 1.183 Loaded shared library C:\Program Files\Eclipse Adoptium\jre-17.0.8.101-hotspot\bin\management_ext.dll
Event: 7.300 Loaded shared library C:\Program Files\Eclipse Adoptium\jre-17.0.8.101-hotspot\bin\sunmscapi.dll

Deoptimization events (10 events):
Event: 5.168 Thread 0x0000020292a53d30 DEOPT PACKING pc=0x0000020244d6a019 sp=0x00000017474fc8f0
Event: 5.168 Thread 0x0000020292a53d30 DEOPT UNPACKING pc=0x0000020244977143 sp=0x00000017474fbdd0 mode 3
Event: 5.793 Thread 0x0000020292a53d30 DEOPT PACKING pc=0x0000020244dbe655 sp=0x00000017474fcf10
Event: 5.793 Thread 0x0000020292a53d30 DEOPT UNPACKING pc=0x0000020244977143 sp=0x00000017474fc3b8 mode 3
Event: 6.983 Thread 0x0000020292a54c60 DEOPT PACKING pc=0x0000020244e58e9d sp=0x00000017475fd640
Event: 6.983 Thread 0x0000020292a54c60 DEOPT UNPACKING pc=0x0000020244977143 sp=0x00000017475fcba8 mode 3
Event: 12.752 Thread 0x0000020292a53d30 DEOPT PACKING pc=0x0000020245171499 sp=0x00000017474fc420
Event: 12.752 Thread 0x0000020292a53d30 DEOPT UNPACKING pc=0x0000020244977143 sp=0x00000017474fb908 mode 3
Event: 26.499 Thread 0x0000020292a53d30 DEOPT PACKING pc=0x00000202456bb44c sp=0x00000017474fcd30
Event: 26.499 Thread 0x0000020292a53d30 DEOPT UNPACKING pc=0x0000020244977143 sp=0x00000017474fc1c8 mode 3

Classes unloaded (1 events):
Event: 25.517 Thread 0x000002024cb45520 Unloading class 0x000002024eae0c00 'jdk/internal/reflect/GeneratedSerializationConstructorAccessor18'

Classes redefined (0 events):
No events

Internal exceptions (20 events):
Event: 53.326 Thread 0x000002029437c180 Exception <a 'java/lang/NoSuchMethodError'{0x00000000d8670ad8}: 'java.lang.Object java.lang.invoke.Invokers$Holder.invokeExact_MT(java.lang.Object, java.lang.Object, java.lang.Object)'> (0x00000000d8670ad8) 
thrown [s\src\hotspot\share\interpreter\linkResolver.cpp, line 759]
Event: 134.332 Thread 0x000002029437dfe0 Exception <a 'java/lang/NoSuchMethodError'{0x00000000d7830ec8}: 'java.lang.Object java.lang.invoke.DirectMethodHandle$Holder.invokeStatic(java.lang.Object, int, int)'> (0x00000000d7830ec8) 
thrown [s\src\hotspot\share\interpreter\linkResolver.cpp, line 759]
Event: 223.621 Thread 0x00000202943784c0 Exception <a 'java/io/IOException'{0x00000000d6d2b718}> (0x00000000d6d2b718) 
thrown [s\src\hotspot\share\prims\jni.cpp, line 516]
Event: 223.858 Thread 0x00000202943784c0 Exception <a 'java/io/IOException'{0x00000000d6d32668}> (0x00000000d6d32668) 
thrown [s\src\hotspot\share\prims\jni.cpp, line 516]
Event: 224.157 Thread 0x00000202943784c0 Exception <a 'java/io/IOException'{0x00000000d6d4c388}> (0x00000000d6d4c388) 
thrown [s\src\hotspot\share\prims\jni.cpp, line 516]
Event: 238.318 Thread 0x000002029437cba0 Exception <a 'java/io/IOException'{0x00000000d6ba5a08}> (0x00000000d6ba5a08) 
thrown [s\src\hotspot\share\prims\jni.cpp, line 516]
Event: 238.325 Thread 0x000002029437cba0 Exception <a 'java/io/IOException'{0x00000000d6bac8b8}> (0x00000000d6bac8b8) 
thrown [s\src\hotspot\share\prims\jni.cpp, line 516]
Event: 238.346 Thread 0x000002029437cba0 Exception <a 'java/io/IOException'{0x00000000d6bc4310}> (0x00000000d6bc4310) 
thrown [s\src\hotspot\share\prims\jni.cpp, line 516]
Event: 486.190 Thread 0x00000202943789d0 Exception <a 'java/io/IOException'{0x00000000d4f29c80}> (0x00000000d4f29c80) 
thrown [s\src\hotspot\share\prims\jni.cpp, line 516]
Event: 491.879 Thread 0x0000020294785ed0 Exception <a 'java/lang/NoSuchMethodError'{0x00000000d4f8ca88}: 'java.lang.Object java.lang.invoke.DirectMethodHandle$Holder.newInvokeSpecial(java.lang.Object, java.lang.Object, java.lang.Object, java.lang.Object, int)'> (0x00000000d4f8ca88) 
thrown [s\src\hotspot\share\interpreter\linkResolver.cpp, line 759]
Event: 492.082 Thread 0x0000020294785ed0 Exception <a 'java/lang/NoSuchMethodError'{0x00000000d4f90a20}: 'java.lang.Object java.lang.invoke.DirectMethodHandle$Holder.invokeSpecial(java.lang.Object, java.lang.Object, java.lang.Object, java.lang.Object, java.lang.Object, int)'> (0x00000000d4f90a20) 
thrown [s\src\hotspot\share\interpreter\linkResolver.cpp, line 759]
Event: 492.130 Thread 0x0000020294785ed0 Exception <a 'java/lang/NoSuchMethodError'{0x00000000d4f94260}: 'java.lang.Object java.lang.invoke.Invokers$Holder.linkToTargetMethod(java.lang.Object, java.lang.Object, java.lang.Object, int, java.lang.Object)'> (0x00000000d4f94260) 
thrown [s\src\hotspot\share\interpreter\linkResolver.cpp, line 759]
Event: 493.916 Thread 0x0000020294785ed0 Exception <a 'java/io/IOException'{0x00000000d4fadfd0}> (0x00000000d4fadfd0) 
thrown [s\src\hotspot\share\prims\jni.cpp, line 516]
Event: 496.155 Thread 0x0000020294787310 Exception <a 'java/io/IOException'{0x00000000d4ff4018}> (0x00000000d4ff4018) 
thrown [s\src\hotspot\share\prims\jni.cpp, line 516]
Event: 498.298 Thread 0x0000020294785ed0 Exception <a 'java/io/IOException'{0x00000000d4e38040}> (0x00000000d4e38040) 
thrown [s\src\hotspot\share\prims\jni.cpp, line 516]
Event: 501.516 Thread 0x0000020294785ed0 Exception <a 'java/io/IOException'{0x00000000d4e6a760}> (0x00000000d4e6a760) 
thrown [s\src\hotspot\share\prims\jni.cpp, line 516]
Event: 504.504 Thread 0x00000202947863e0 Exception <a 'java/io/IOException'{0x00000000d4ed8d78}> (0x00000000d4ed8d78) 
thrown [s\src\hotspot\share\prims\jni.cpp, line 516]
Event: 504.604 Thread 0x00000202947863e0 Exception <a 'java/io/IOException'{0x00000000d4ed98b8}> (0x00000000d4ed98b8) 
thrown [s\src\hotspot\share\prims\jni.cpp, line 516]
Event: 506.398 Thread 0x0000020294785ed0 Exception <a 'java/io/IOException'{0x00000000d4e78638}> (0x00000000d4e78638) 
thrown [s\src\hotspot\share\prims\jni.cpp, line 516]
Event: 511.747 Thread 0x0000020294377080 Exception <a 'java/lang/InterruptedException'{0x00000000d4d00040}: sleep interrupted> (0x00000000d4d00040) 
thrown [s\src\hotspot\share\prims\jvm.cpp, line 3070]

VM Operations (20 events):
Event: 360.859 Executing VM operation: HandshakeAllThreads done
Event: 415.395 Executing VM operation: Cleanup
Event: 415.405 Executing VM operation: Cleanup done
Event: 475.523 Executing VM operation: Cleanup
Event: 475.533 Executing VM operation: Cleanup done
Event: 483.682 Executing VM operation: Cleanup
Event: 483.717 Executing VM operation: Cleanup done
Event: 492.804 Executing VM operation: Cleanup
Event: 492.939 Executing VM operation: Cleanup done
Event: 494.951 Executing VM operation: Cleanup
Event: 494.968 Executing VM operation: Cleanup done
Event: 496.987 Executing VM operation: Cleanup
Event: 497.003 Executing VM operation: Cleanup done
Event: 505.093 Executing VM operation: Cleanup
Event: 505.141 Executing VM operation: Cleanup done
Event: 506.143 Executing VM operation: Cleanup
Event: 506.175 Executing VM operation: Cleanup done
Event: 508.181 Executing VM operation: Cleanup
Event: 508.201 Executing VM operation: Cleanup done
Event: 511.757 Executing VM operation: G1CollectFull

Events (20 events):
Event: 496.420 Thread 0x000002029437dfe0 Thread exited: 0x000002029437dfe0
Event: 496.422 Thread 0x00000202943784c0 Thread exited: 0x00000202943784c0
Event: 496.423 Thread 0x000002029437c180 Thread exited: 0x000002029437c180
Event: 496.424 Thread 0x000002029437cba0 Thread exited: 0x000002029437cba0
Event: 496.425 Thread 0x000002029437ea00 Thread exited: 0x000002029437ea00
Event: 496.445 Thread 0x000002029437c690 Thread exited: 0x000002029437c690
Event: 502.012 Thread 0x00000202947863e0 Thread added: 0x00000202947863e0
Event: 502.076 Thread 0x0000020294378ee0 Thread exited: 0x0000020294378ee0
Event: 502.622 loading class sun/security/ssl/Alert
Event: 503.353 loading class sun/security/ssl/Alert done
Event: 503.750 loading class sun/security/ssl/Alert$AlertConsumer
Event: 504.247 loading class sun/security/ssl/Alert$AlertConsumer done
Event: 504.253 loading class sun/security/ssl/Alert$Level
Event: 504.362 loading class sun/security/ssl/Alert$Level done
Event: 504.678 loading class sun/net/ConnectionResetException
Event: 504.754 loading class sun/net/ConnectionResetException done
Event: 506.064 Thread 0x00000202947863e0 Thread exited: 0x00000202947863e0
Event: 511.734 Thread 0x000002029437a830 Thread exited: 0x000002029437a830
Event: 511.735 Thread 0x0000020294377fb0 Thread exited: 0x0000020294377fb0
Event: 511.748 Thread 0x0000020294377080 Thread exited: 0x0000020294377080


Dynamic libraries:
0x00007ff673070000 - 0x00007ff67307e000 	C:\Program Files\Eclipse Adoptium\jre-17.0.8.101-hotspot\bin\javaw.exe
0x00007ffe68ba0000 - 0x00007ffe68e07000 	C:\WINDOWS\SYSTEM32\ntdll.dll
0x00007ffe66b20000 - 0x00007ffe66be9000 	C:\WINDOWS\System32\KERNEL32.DLL
0x00007ffe65c40000 - 0x00007ffe66031000 	C:\WINDOWS\System32\KERNELBASE.dll
0x00007ffe65990000 - 0x00007ffe65adb000 	C:\WINDOWS\System32\ucrtbase.dll
0x00007ffe296a0000 - 0x00007ffe296b9000 	C:\Program Files\Eclipse Adoptium\jre-17.0.8.101-hotspot\bin\VCRUNTIME140.dll
0x00007ffe28fa0000 - 0x00007ffe28fb7000 	C:\Program Files\Eclipse Adoptium\jre-17.0.8.101-hotspot\bin\jli.dll
0x00007ffe4feb0000 - 0x00007ffe50143000 	C:\WINDOWS\WinSxS\amd64_microsoft.windows.common-controls_6595b64144ccf1df_6.0.26100.8037_none_3e092faae333b53b\COMCTL32.dll
0x00007ffe67250000 - 0x00007ffe67415000 	C:\WINDOWS\System32\USER32.dll
0x00007ffe670e0000 - 0x00007ffe67189000 	C:\WINDOWS\System32\msvcrt.dll
0x00007ffe65ae0000 - 0x00007ffe65b07000 	C:\WINDOWS\System32\win32u.dll
0x00007ffe68950000 - 0x00007ffe6897b000 	C:\WINDOWS\System32\GDI32.dll
0x00007ffe65b10000 - 0x00007ffe65c3b000 	C:\WINDOWS\System32\gdi32full.dll
0x00007ffe65770000 - 0x00007ffe65813000 	C:\WINDOWS\System32\msvcp_win.dll
0x00007ffe66a80000 - 0x00007ffe66ab1000 	C:\WINDOWS\System32\IMM32.DLL
0x00007ffe5b140000 - 0x00007ffe5b14c000 	C:\Program Files\Eclipse Adoptium\jre-17.0.8.101-hotspot\bin\vcruntime140_1.dll
0x00007ffe27ec0000 - 0x00007ffe27f51000 	C:\Program Files\Eclipse Adoptium\jre-17.0.8.101-hotspot\bin\msvcp140.dll
0x00007ffdde3a0000 - 0x00007ffddefec000 	C:\Program Files\Eclipse Adoptium\jre-17.0.8.101-hotspot\bin\server\jvm.dll
0x00007ffe680e0000 - 0x00007ffe6819b000 	C:\WINDOWS\System32\ADVAPI32.dll
0x00007ffe67190000 - 0x00007ffe67237000 	C:\WINDOWS\System32\sechost.dll
0x00007ffe66940000 - 0x00007ffe66a58000 	C:\WINDOWS\System32\RPCRT4.dll
0x00007ffe5de90000 - 0x00007ffe5dec5000 	C:\WINDOWS\SYSTEM32\WINMM.dll
0x00007ffe47f50000 - 0x00007ffe47f5a000 	C:\WINDOWS\SYSTEM32\WSOCK32.dll
0x00007ffe652e0000 - 0x00007ffe6533e000 	C:\WINDOWS\SYSTEM32\POWRPROF.dll
0x00007ffe5ded0000 - 0x00007ffe5dedb000 	C:\WINDOWS\SYSTEM32\VERSION.dll
0x00007ffe67520000 - 0x00007ffe67594000 	C:\WINDOWS\System32\WS2_32.dll
0x00007ffe652c0000 - 0x00007ffe652d4000 	C:\WINDOWS\SYSTEM32\UMPDC.dll
0x00007ffe64210000 - 0x00007ffe6422b000 	C:\WINDOWS\SYSTEM32\kernel.appcore.dll
0x00007ffe5aaf0000 - 0x00007ffe5aafa000 	C:\Program Files\Eclipse Adoptium\jre-17.0.8.101-hotspot\bin\jimage.dll
0x00007ffe4e8f0000 - 0x00007ffe4eb32000 	C:\WINDOWS\SYSTEM32\DBGHELP.DLL
0x00007ffe66d50000 - 0x00007ffe670d2000 	C:\WINDOWS\System32\combase.dll
0x00007ffe67740000 - 0x00007ffe67817000 	C:\WINDOWS\System32\OLEAUT32.dll
0x00007ffe4dc80000 - 0x00007ffe4dcbb000 	C:\WINDOWS\SYSTEM32\dbgcore.DLL
0x00007ffe65820000 - 0x00007ffe658c5000 	C:\WINDOWS\System32\bcryptPrimitives.dll
0x00007ffe28ee0000 - 0x00007ffe28f05000 	C:\Program Files\Eclipse Adoptium\jre-17.0.8.101-hotspot\bin\java.dll
0x00007ffe27de0000 - 0x00007ffe27eb6000 	C:\Program Files\Eclipse Adoptium\jre-17.0.8.101-hotspot\bin\jsvml.dll
0x00007ffe67920000 - 0x00007ffe6807f000 	C:\WINDOWS\System32\SHELL32.dll
0x00007ffe65600000 - 0x00007ffe6576a000 	C:\WINDOWS\System32\wintypes.dll
0x00007ffe66040000 - 0x00007ffe668a4000 	C:\WINDOWS\System32\windows.storage.dll
0x00007ffe67420000 - 0x00007ffe67517000 	C:\WINDOWS\System32\SHCORE.dll
0x00007ffe688e0000 - 0x00007ffe68947000 	C:\WINDOWS\System32\shlwapi.dll
0x00007ffe653a0000 - 0x00007ffe653c9000 	C:\WINDOWS\SYSTEM32\profapi.dll
0x00007ffe28ec0000 - 0x00007ffe28ed9000 	C:\Program Files\Eclipse Adoptium\jre-17.0.8.101-hotspot\bin\net.dll
0x00007ffe5bb90000 - 0x00007ffe5bcb7000 	C:\WINDOWS\SYSTEM32\WINHTTP.dll
0x00007ffe64780000 - 0x00007ffe647eb000 	C:\WINDOWS\system32\mswsock.dll
0x00007ffe285b0000 - 0x00007ffe285c5000 	C:\Program Files\Eclipse Adoptium\jre-17.0.8.101-hotspot\bin\nio.dll
0x00007ffe28370000 - 0x00007ffe28388000 	C:\Program Files\Eclipse Adoptium\jre-17.0.8.101-hotspot\bin\zip.dll
0x00007ffe57d60000 - 0x00007ffe57d69000 	C:\Program Files\Eclipse Adoptium\jre-17.0.8.101-hotspot\bin\management.dll
0x00007ffe56280000 - 0x00007ffe5628b000 	C:\Program Files\Eclipse Adoptium\jre-17.0.8.101-hotspot\bin\management_ext.dll
0x00007ffe66a60000 - 0x00007ffe66a68000 	C:\WINDOWS\System32\PSAPI.DLL
0x00007ffe476e0000 - 0x00007ffe476f8000 	C:\WINDOWS\system32\napinsp.dll
0x00007ffe63cc0000 - 0x00007ffe63dea000 	C:\WINDOWS\SYSTEM32\DNSAPI.dll
0x00007ffe63c00000 - 0x00007ffe63c33000 	C:\WINDOWS\SYSTEM32\IPHLPAPI.DLL
0x00007ffe66a70000 - 0x00007ffe66a7a000 	C:\WINDOWS\System32\NSI.dll
0x00007ffe475b0000 - 0x00007ffe475c2000 	C:\WINDOWS\System32\winrnr.dll
0x00007ffe47580000 - 0x00007ffe475a2000 	C:\WINDOWS\system32\nlansp_c.dll
0x00007ffe5b7a0000 - 0x00007ffe5b7b6000 	C:\WINDOWS\system32\wshbth.dll
0x00007ffe5afe0000 - 0x00007ffe5afeb000 	C:\Windows\System32\rasadhlp.dll
0x00007ffe5abc0000 - 0x00007ffe5ac46000 	C:\WINDOWS\System32\fwpuclnt.dll
0x00007ffe64a60000 - 0x00007ffe64a7b000 	C:\WINDOWS\SYSTEM32\CRYPTSP.dll
0x00007ffe64170000 - 0x00007ffe641a9000 	C:\WINDOWS\system32\rsaenh.dll
0x00007ffe64830000 - 0x00007ffe64862000 	C:\WINDOWS\SYSTEM32\USERENV.dll
0x00007ffe65370000 - 0x00007ffe6539a000 	C:\WINDOWS\SYSTEM32\bcrypt.dll
0x00007ffe64a80000 - 0x00007ffe64a8c000 	C:\WINDOWS\SYSTEM32\CRYPTBASE.dll
0x00007ffe5dc80000 - 0x00007ffe5dc9d000 	C:\WINDOWS\SYSTEM32\dhcpcsvc6.DLL
0x00007ffe5dc50000 - 0x00007ffe5dc73000 	C:\WINDOWS\SYSTEM32\dhcpcsvc.DLL
0x00007ffe3f460000 - 0x00007ffe3f46e000 	C:\Program Files\Eclipse Adoptium\jre-17.0.8.101-hotspot\bin\sunmscapi.dll
0x00007ffe65480000 - 0x00007ffe655f7000 	C:\WINDOWS\System32\CRYPT32.dll
0x00007ffe64c80000 - 0x00007ffe64cb0000 	C:\WINDOWS\SYSTEM32\ncrypt.dll
0x00007ffe64c30000 - 0x00007ffe64c6f000 	C:\WINDOWS\SYSTEM32\NTASN1.dll
0x00007ffe5b7d0000 - 0x00007ffe5b7d8000 	C:\WINDOWS\system32\wshunix.dll

dbghelp: loaded successfully - version: 4.0.5 - missing functions: none
symbol engine: initialized successfully - sym options: 0x614 - pdb path: .;C:\Program Files\Eclipse Adoptium\jre-17.0.8.101-hotspot\bin;C:\WINDOWS\SYSTEM32;C:\WINDOWS\WinSxS\amd64_microsoft.windows.common-controls_6595b64144ccf1df_6.0.26100.8037_none_3e092faae333b53b;C:\Program Files\Eclipse Adoptium\jre-17.0.8.101-hotspot\bin\server

VM Arguments:
jvm_args: -Dcom.sun.management.jmxremote -Dcom.sun.management.jmxremote.port=63686 -Dcom.sun.management.jmxremote.authenticate=false -Dcom.sun.management.jmxremote.ssl=false -Djava.rmi.server.hostname=localhost -Dspring.jmx.enabled=true -Dmanagement.endpoints.jmx.exposure.include=* -Dspring.application.admin.enabled=true -Dspring.output.ansi.enabled=always -XX:TieredStopAtLevel=1 -Dspring.boot.project.name=AgroValue_Connect-backend -Dfile.encoding=UTF-8 -Dstdout.encoding=UTF-8 -Dstderr.encoding=UTF-8 -XX:+ShowCodeDetailsInExceptionMessages 
java_command: com.agrovalue.backend.AgroValueConnectBackendApplication
java_class_path (initial): D:\Gungun\Semester 4\FSAD\SDP project\backend\AgroValue_Connect-backend\target\classes;C:\Users\LENOVO\.m2\repository\com\cloudinary\cloudinary-http44\1.39.0\cloudinary-http44-1.39.0.jar;C:\Users\LENOVO\.m2\repository\com\cloudinary\cloudinary-core\1.39.0\cloudinary-core-1.39.0.jar;C:\Users\LENOVO\.m2\repository\org\apache\commons\commons-lang3\3.19.0\commons-lang3-3.19.0.jar;C:\Users\LENOVO\.m2\repository\org\apache\httpcomponents\httpclient\4.4\httpclient-4.4.jar;C:\Users\LENOVO\.m2\repository\org\apache\httpcomponents\httpcore\4.4.16\httpcore-4.4.16.jar;C:\Users\LENOVO\.m2\repository\commons-logging\commons-logging\1.3.6\commons-logging-1.3.6.jar;C:\Users\LENOVO\.m2\repository\commons-codec\commons-codec\1.19.0\commons-codec-1.19.0.jar;C:\Users\LENOVO\.m2\repository\org\apache\httpcomponents\httpmime\4.4\httpmime-4.4.jar;C:\Users\LENOVO\.m2\repository\org\springdoc\springdoc-openapi-starter-webmvc-ui\2.5.0\springdoc-openapi-starter-webmvc-ui-2.5.0.jar;C:\Users\LENOVO\.m2\repository\org\springdoc\springdoc-openapi-starter-webmvc-api\2.5.0\springdoc-openapi-starter-webmvc-api-2.5.0.jar;C:\Users\LENOVO\.m2\repository\org\springdoc\springdoc-openapi-starter-common\2.5.0\springdoc-openapi-starter-common-2.5.0.jar;C:\Users\LENOVO\.m2\repository\io\swagger\core\v3\swagger-core-jakarta\2.2.21\swagger-core-jakarta-2.2.21.jar;C:\Users\LENOVO\.m2\repository\io\swagger\core\v3\swagger-annotations-jakarta\2.2.21\swagger-annotations-jakarta-2.2.21.jar;C:\Users\LENOVO\.m2\repository\io\swagger\core\v3\swagger-models-jakarta\2.2.21\swagger-models-jakarta-2.2.21.jar;C:\Users\LENOVO\.m2\repository\com\fasterxml\jackson\dataformat\jackson-dataformat-yaml\2.21.2\jackson-dataformat-yaml-2.21.2.jar;C:\Users\LENOVO\.m2\repository\com\fasterxml\jackson\datatype\jackson-datatype-jsr310\2.21.2\jackson-datatype-jsr310-2.21.2.jar;C:\Users\LENOVO\.m2\repository\org\springframework\spring-webmvc\7.0.6\spring-webmvc-7.0.6.jar;C:\Users\LENOVO\.m2\repository\org\spri
Launcher Type: SUN_STANDARD

[Global flags]
     intx CICompilerCount                          = 4                                         {product} {ergonomic}
     uint ConcGCThreads                            = 2                                         {product} {ergonomic}
     uint G1ConcRefinementThreads                  = 8                                         {product} {ergonomic}
   size_t G1HeapRegionSize                         = 1048576                                   {product} {ergonomic}
    uintx GCDrainStackTargetSize                   = 64                                        {product} {ergonomic}
   size_t InitialHeapSize                          = 58720256                                  {product} {ergonomic}
     bool ManagementServer                         = true                                      {product} {command line}
   size_t MarkStackSize                            = 4194304                                   {product} {ergonomic}
   size_t MaxHeapSize                              = 908066816                                 {product} {ergonomic}
   size_t MaxNewSize                               = 544210944                                 {product} {ergonomic}
   size_t MinHeapDeltaBytes                        = 1048576                                   {product} {ergonomic}
   size_t MinHeapSize                              = 8388608                                   {product} {ergonomic}
    uintx NonProfiledCodeHeapSize                  = 0                                      {pd product} {ergonomic}
     bool ProfileInterpreter                       = false                                  {pd product} {command line}
    uintx ProfiledCodeHeapSize                     = 0                                      {pd product} {ergonomic}
     bool ShowCodeDetailsInExceptionMessages       = true                                   {manageable} {command line}
   size_t SoftMaxHeapSize                          = 908066816                              {manageable} {ergonomic}
     intx TieredStopAtLevel                        = 1                                         {product} {command line}
     bool UseCompressedClassPointers               = true                           {product lp64_product} {ergonomic}
     bool UseCompressedOops                        = true                           {product lp64_product} {ergonomic}
     bool UseG1GC                                  = true                                      {product} {ergonomic}
     bool UseLargePagesIndividualAllocation        = false                                  {pd product} {ergonomic}

Logging:
Log output configuration:
 #0: stdout all=warning uptime,level,tags
 #1: stderr all=off uptime,level,tags

Environment Variables:
PATH=C:/Users/LENOVO/.p2/pool/plugins/org.eclipse.justj.openjdk.hotspot.jre.full.win32.x86_64_21.0.9.v20251105-0741/jre/bin/server;C:/Users/LENOVO/.p2/pool/plugins/org.eclipse.justj.openjdk.hotspot.jre.full.win32.x86_64_21.0.9.v20251105-0741/jre/bin;C:\Program Files\Eclipse Adoptium\jre-17.0.8.101-hotspot\bin;C:\Program Files\Eclipse Adoptium\jdk-8.0.472.8-hotspot\bin;C:\Program Files\Common Files\Oracle\Java\javapath;C:\WINDOWS\system32;C:\WINDOWS;C:\WINDOWS\System32\Wbem;C:\WINDOWS\System32\WindowsPowerShell\v1.0\;C:\WINDOWS\System32\OpenSSH\;C:\Program Files\nodejs\;C:\Program Files (x86)\Eclipse\Sumo\bin\;C:\Program Files (x86)\Eclipse\Sumo\tools\;C:\Program Files\Git\cmd;C:\Program Files\MySQL\MySQL Shell 8.0\bin\;C:\Users\LENOVO\AppData\Local\Microsoft\WindowsApps;C:\Users\LENOVO\AppData\Local\Programs\Microsoft VS Code\bin;C:\Users\LENOVO\AppData\Roaming\npm;C:\Program Files\JetBrains\PyCharm 2025.1.1.1\bin;;C:\Users\LENOVO\AppData\Local\Programs\mongosh\;C:\Users\LENOVO\AppData\Local\Programs\cursor\resources\app\bin;C:\MinGW\bin;;C:\WINDOWS\system32;
USERNAME=LENOVO
OS=Windows_NT
PROCESSOR_IDENTIFIER=AMD64 Family 23 Model 24 Stepping 1, AuthenticAMD
TMP=C:\Users\LENOVO\AppData\Local\Temp
TEMP=C:\Users\LENOVO\AppData\Local\Temp



---------------  S Y S T E M  ---------------

OS:
 Windows 11 , 64 bit Build 26100 (10.0.26100.7920)
OS uptime: 0 days 23:05 hours
Hyper-V role detected

CPU: total 8 (initial active 8) (8 cores per cpu, 2 threads per core) family 23 model 24 stepping 1 microcode 0x8108102, cx8, cmov, fxsr, ht, mmx, 3dnowpref, sse, sse2, sse3, ssse3, sse4a, sse4.1, sse4.2, popcnt, lzcnt, tsc, tscinvbit, avx, avx2, aes, clmul, bmi1, bmi2, adx, sha, fma, vzeroupper, clflush, clflushopt, hv
Processor Information for all 8 processors :
  Max Mhz: 2100, Current Mhz: 2100, Mhz Limit: 2100

Memory: 4k page, system-wide physical 3460M (724M free)
TotalPageFile size 14212M (AvailPageFile size 0M)
current process WorkingSet (physical memory assigned to process): 45M, peak: 421M
current process commit charge ("private bytes"): 515M, peak: 517M

vm_info: OpenJDK 64-Bit Server VM (17.0.8.1+1) for windows-amd64 JRE (17.0.8.1+1), built on Aug 23 2023 15:29:17 by "admin" with MS VC++ 16.7 (VS2019)

END.
